#
# A fatal error has been detected by the Java Runtime Environment:
#
#  SIGSEGV (0xb) at pc=0x000000011f1a5e6d, pid=58445, tid=0x0000000000001803
#
# JRE version: Java(TM) SE Runtime Environment (8.0_152-b16) (build 1.8.0_152-b16)
# Java VM: Java HotSpot(TM) 64-Bit Server VM (25.152-b16 mixed mode bsd-amd64 compressed oops)
# Problematic frame:
# C  [libR.dylib+0xd1e6d]  GetNewPage+0x11d
#
# Failed to write core dump. Core dumps have been disabled. To enable core dumping, try "ulimit -c unlimited" before starting Java again
#
# If you would like to submit a bug report, please visit:
#   http://bugreport.java.com/bugreport/crash.jsp
# The crash happened outside the Java Virtual Machine in native code.
# See problematic frame for where to report the bug.
#

---------------  T H R E A D  ---------------

Current thread (0x00007ffd1680e800):  JavaThread "main" [_thread_in_native, id=6147, stack(0x0000700000861000,0x0000700000961000)]

siginfo: si_signo: 11 (SIGSEGV), si_code: 1 (SEGV_MAPERR), si_addr: 0x0000000000000018

Registers:
RAX=0x000000011f30d110, RBX=0x00007ffd183e2208, RCX=0x000000011f30ce60, RDX=0x0000000000000000
RSP=0x000070000095ff40, RBP=0x000070000095ff60, RSI=0x0000000000000000, RDI=0x00007ffd183e2208
R8 =0x0000000020000000, R9 =0x0000000000008036, R10=0x0000000000000000, R11=0x0000000000001f21
R12=0x0000000000000038, R13=0x0000000000000001, R14=0x0000000020000000, R15=0x000000000000008e
RIP=0x000000011f1a5e6d, EFLAGS=0x0000000000010202, ERR=0x0000000000000004
  TRAPNO=0x000000000000000e

Top of Stack: (sp=0x000070000095ff40)
0x000070000095ff40:   0000000000000000 0000000000000001
0x000070000095ff50:   000000011f30cfd8 0000000000000001
0x000070000095ff60:   000070000095ffd0 000000011f1a7384
0x000070000095ff70:   0000000004000000 00007ffd1680e800
0x000070000095ff80:   00000000fffffff0 0000000000000000
0x000070000095ff90:   0000000000000010 00007ffd1680e9f8
0x000070000095ffa0:   0000000101227360 00007ffd1680e9f8
0x000070000095ffb0:   0000000000000000 000000010ba68628
0x000070000095ffc0:   00007000009600d8 00007ffd166414c0
0x000070000095ffd0:   0000700000960000 000000010d326bfe
0x000070000095ffe0:   000000010ba68628 0000000000000000
0x000070000095fff0:   0000000000000001 00007ffd1680e800
0x0000700000960000:   0000700000960030 000000010d325856
0x0000700000960010:   000000010ba68628 00007000009600e0
0x0000700000960020:   000000010ba68628 00007000009600e0
0x0000700000960030:   00007000009600b0 000000010e24d48f
0x0000700000960040:   000000010ba68628 00007000009600e0
0x0000700000960050:   00007000009600b0 000000010e24d099
0x0000700000960060:   0000000000000000 000000076dd75f68
0x0000700000960070:   0000700000960060 000000010ba68628
0x0000700000960080:   00007000009600e0 000000010ba6bcb8
0x0000700000960090:   0000000000000000 000000010ba68628
0x00007000009600a0:   0000000000000000 00007000009600d0
0x00007000009600b0:   0000700000960138 000000010e23cdd0
0x00007000009600c0:   0000000000000000 000000010e246537
0x00007000009600d0:   0000000000000001 000000076dd7b790
0x00007000009600e0:   000000076dd75f68 0000000000000000
0x00007000009600f0:   000000076dd75f68 00007000009600e8
0x0000700000960100:   000000010ba6abe5 0000700000960198
0x0000700000960110:   000000010ba6bcb8 0000000000000000
0x0000700000960120:   000000010ba6acc8 00007000009600d0
0x0000700000960130:   0000700000960188 00007000009601f0 

Instructions: (pc=0x000000011f1a5e6d)
0x000000011f1a5e4d:   08 41 c1 e6 1d 49 b8 ff ff ff 1f ff ff ff ff 4c
0x000000011f1a5e5d:   23 05 bd 6f 16 00 4d 09 f0 31 f6 48 89 df ff 00
0x000000011f1a5e6d:   48 8b 4a 18 48 89 53 10 48 89 5a 18 48 89 59 10
0x000000011f1a5e7d:   48 89 4b 18 4c 89 03 48 89 98 c8 fe ff ff ff c6 

Register to memory mapping:

RAX=0x000000011f30d110: R_GenHeap+0x2b0 in /usr/local/opt/r/lib/R/lib/libR.dylib at 0x000000011f0d4000
RBX=0x00007ffd183e2208 is an unknown value
RCX=0x000000011f30ce60: R_GenHeap+0 in /usr/local/opt/r/lib/R/lib/libR.dylib at 0x000000011f0d4000
RDX=0x0000000000000000 is an unknown value
RSP=0x000070000095ff40 is pointing into the stack for thread: 0x00007ffd1680e800
RBP=0x000070000095ff60 is pointing into the stack for thread: 0x00007ffd1680e800
RSI=0x0000000000000000 is an unknown value
RDI=0x00007ffd183e2208 is an unknown value
R8 =0x0000000020000000 is an unknown value
R9 =0x0000000000008036 is an unknown value
R10=0x0000000000000000 is an unknown value
R11=0x0000000000001f21 is an unknown value
R12=0x0000000000000038 is an unknown value
R13=0x0000000000000001 is an unknown value
R14=0x0000000020000000 is an unknown value
R15=0x000000000000008e is an unknown value


Stack: [0x0000700000861000,0x0000700000961000],  sp=0x000070000095ff40,  free space=1019k
Native frames: (J=compiled Java code, j=interpreted, Vv=VM code, C=native code)
C  [libR.dylib+0xd1e6d]  GetNewPage+0x11d
C  [libR.dylib+0xd3384]  Rf_allocVector3+0x482
C  [libjri.jnilib+0x2bfe]  jri_getString+0x3e
C  [libjri.jnilib+0x1856]  Java_org_rosuda_JRI_Rengine_rniParse+0x16
j  org.rosuda.JRI.Rengine.rniParse(Ljava/lang/String;I)J+0
j  org.rosuda.JRI.Rengine.eval(Ljava/lang/String;Z)Lorg/rosuda/JRI/REXP;+53
j  org.rosuda.JRI.Rengine.eval(Ljava/lang/String;)Lorg/rosuda/JRI/REXP;+3
j  supersql.dataconstructor.GGplot.makeGraph(Lsupersql/extendclass/ExtList;Ljava/lang/Object;Lsupersql/extendclass/ExtList;)Lsupersql/extendclass/ExtList;+111
j  supersql.dataconstructor.GGplot.ggplot(Lsupersql/extendclass/ExtList;Lsupersql/extendclass/ExtList;Lsupersql/extendclass/ExtList;Lsupersql/extendclass/ExtList;)Lsupersql/extendclass/ExtList;+342
j  supersql.dataconstructor.GGplot.ggplot(Lsupersql/extendclass/ExtList;Lsupersql/extendclass/ExtList;Lsupersql/extendclass/ExtList;Lsupersql/extendclass/ExtList;)Lsupersql/extendclass/ExtList;+521
j  supersql.dataconstructor.GGplot.ggplot(Lsupersql/extendclass/ExtList;Lsupersql/extendclass/ExtList;Lsupersql/extendclass/ExtList;Lsupersql/extendclass/ExtList;)Lsupersql/extendclass/ExtList;+521
j  supersql.dataconstructor.TreeGenerator.makeTree(Lsupersql/extendclass/ExtList;Lsupersql/extendclass/ExtList;)Lsupersql/extendclass/ExtList;+611
j  supersql.dataconstructor.DataConstructor.makeTree(Lsupersql/extendclass/ExtList;Lsupersql/extendclass/ExtList;)Lsupersql/extendclass/ExtList;+17
j  supersql.dataconstructor.DataConstructor.schemaToData(Lsupersql/parser/Start_Parse;Lsupersql/dataconstructor/MakeSQL;Lsupersql/extendclass/ExtList;Lsupersql/extendclass/ExtList;)Lsupersql/extendclass/ExtList;+635
j  supersql.dataconstructor.DataConstructor.<init>(Lsupersql/parser/Start_Parse;)V+861
j  supersql.FrontEnd.execSuperSQL([Ljava/lang/String;)V+107
j  supersql.FrontEnd.<init>([Ljava/lang/String;)V+6
j  supersql.FrontEnd.main([Ljava/lang/String;)V+4
v  ~StubRoutines::call_stub
V  [libjvm.dylib+0x2ef7b2]  JavaCalls::call_helper(JavaValue*, methodHandle*, JavaCallArguments*, Thread*)+0x6ae
V  [libjvm.dylib+0x326636]  jni_invoke_static(JNIEnv_*, JavaValue*, _jobject*, JNICallType, _jmethodID*, JNI_ArgumentPusher*, Thread*)+0x1bf
V  [libjvm.dylib+0x31f3ad]  jni_CallStaticVoidMethod+0x15d
C  [java+0x38d1]  JavaMain+0x9c4
C  [libsystem_pthread.dylib+0x3661]  _pthread_body+0x154
C  [libsystem_pthread.dylib+0x350d]  _pthread_body+0x0
C  [libsystem_pthread.dylib+0x2bf9]  thread_start+0xd
C  0x0000000000000000

Java frames: (J=compiled Java code, j=interpreted, Vv=VM code)
j  org.rosuda.JRI.Rengine.rniParse(Ljava/lang/String;I)J+0
j  org.rosuda.JRI.Rengine.eval(Ljava/lang/String;Z)Lorg/rosuda/JRI/REXP;+53
j  org.rosuda.JRI.Rengine.eval(Ljava/lang/String;)Lorg/rosuda/JRI/REXP;+3
j  supersql.dataconstructor.GGplot.makeGraph(Lsupersql/extendclass/ExtList;Ljava/lang/Object;Lsupersql/extendclass/ExtList;)Lsupersql/extendclass/ExtList;+111
j  supersql.dataconstructor.GGplot.ggplot(Lsupersql/extendclass/ExtList;Lsupersql/extendclass/ExtList;Lsupersql/extendclass/ExtList;Lsupersql/extendclass/ExtList;)Lsupersql/extendclass/ExtList;+342
j  supersql.dataconstructor.GGplot.ggplot(Lsupersql/extendclass/ExtList;Lsupersql/extendclass/ExtList;Lsupersql/extendclass/ExtList;Lsupersql/extendclass/ExtList;)Lsupersql/extendclass/ExtList;+521
j  supersql.dataconstructor.GGplot.ggplot(Lsupersql/extendclass/ExtList;Lsupersql/extendclass/ExtList;Lsupersql/extendclass/ExtList;Lsupersql/extendclass/ExtList;)Lsupersql/extendclass/ExtList;+521
j  supersql.dataconstructor.TreeGenerator.makeTree(Lsupersql/extendclass/ExtList;Lsupersql/extendclass/ExtList;)Lsupersql/extendclass/ExtList;+611
j  supersql.dataconstructor.DataConstructor.makeTree(Lsupersql/extendclass/ExtList;Lsupersql/extendclass/ExtList;)Lsupersql/extendclass/ExtList;+17
j  supersql.dataconstructor.DataConstructor.schemaToData(Lsupersql/parser/Start_Parse;Lsupersql/dataconstructor/MakeSQL;Lsupersql/extendclass/ExtList;Lsupersql/extendclass/ExtList;)Lsupersql/extendclass/ExtList;+635
j  supersql.dataconstructor.DataConstructor.<init>(Lsupersql/parser/Start_Parse;)V+861
j  supersql.FrontEnd.execSuperSQL([Ljava/lang/String;)V+107
j  supersql.FrontEnd.<init>([Ljava/lang/String;)V+6
j  supersql.FrontEnd.main([Ljava/lang/String;)V+4
v  ~StubRoutines::call_stub

---------------  P R O C E S S  ---------------

Java Threads: ( => current thread )
  0x00007ffd17ea0800 JavaThread "Abandoned connection cleanup thread" daemon [_thread_blocked, id=17155, stack(0x000070000168b000,0x000070000178b000)]
  0x00007ffd1686f800 JavaThread "Service Thread" daemon [_thread_blocked, id=14595, stack(0x0000700001485000,0x0000700001585000)]
  0x00007ffd17863800 JavaThread "C1 CompilerThread2" daemon [_thread_blocked, id=17667, stack(0x0000700001382000,0x0000700001482000)]
  0x00007ffd17862800 JavaThread "C2 CompilerThread1" daemon [_thread_in_native, id=18179, stack(0x000070000127f000,0x000070000137f000)]
  0x00007ffd16847000 JavaThread "C2 CompilerThread0" daemon [_thread_blocked, id=13827, stack(0x000070000117c000,0x000070000127c000)]
  0x00007ffd16846000 JavaThread "Signal Dispatcher" daemon [_thread_blocked, id=13571, stack(0x0000700001079000,0x0000700001179000)]
  0x00007ffd1681a000 JavaThread "Finalizer" daemon [_thread_blocked, id=12035, stack(0x0000700000f76000,0x0000700001076000)]
  0x00007ffd16817800 JavaThread "Reference Handler" daemon [_thread_blocked, id=11779, stack(0x0000700000e73000,0x0000700000f73000)]
=>0x00007ffd1680e800 JavaThread "main" [_thread_in_native, id=6147, stack(0x0000700000861000,0x0000700000961000)]

Other Threads:
  0x00007ffd1701a000 VMThread [stack: 0x0000700000d70000,0x0000700000e70000] [id=11523]
  0x00007ffd17001000 WatcherThread [stack: 0x0000700001588000,0x0000700001688000] [id=14851]

VM state:not at safepoint (normal execution)

VM Mutex/Monitor currently owned by a thread: None

Heap:
 PSYoungGen      total 76288K, used 53820K [0x000000076ab00000, 0x0000000770000000, 0x00000007c0000000)
  eden space 65536K, 82% used [0x000000076ab00000,0x000000076df8f050,0x000000076eb00000)
  from space 10752K, 0% used [0x000000076f580000,0x000000076f580000,0x0000000770000000)
  to   space 10752K, 0% used [0x000000076eb00000,0x000000076eb00000,0x000000076f580000)
 ParOldGen       total 175104K, used 0K [0x00000006c0000000, 0x00000006cab00000, 0x000000076ab00000)
  object space 175104K, 0% used [0x00000006c0000000,0x00000006c0000000,0x00000006cab00000)
 Metaspace       used 8672K, capacity 8868K, committed 8960K, reserved 1056768K
  class space    used 921K, capacity 980K, committed 1024K, reserved 1048576K

Card table byte_map: [0x0000000101d6c000,0x000000010256d000] byte_map_base: 0x00000000fe76c000

Marking Bits: (ParMarkBitMap*) 0x00000001012f66c0
 Begin Bits: [0x0000000102ac3000, 0x0000000106ac3000)
 End Bits:   [0x0000000106ac3000, 0x000000010aac3000)

Polling page: 0x000000010012a000

CodeCache: size=245760Kb used=3094Kb max_used=3094Kb free=242665Kb
 bounds [0x000000010e235000, 0x000000010e545000, 0x000000011d235000]
 total_blobs=1116 nmethods=770 adapters=260
 compilation: enabled

Compilation events (10 events):
Event: 1.106 Thread 0x00007ffd17863800  773   !   3       sun.misc.Resource::getBytes (242 bytes)
Event: 1.108 Thread 0x00007ffd17863800 nmethod 773 0x000000010e5393d0 code [0x000000010e5396c0, 0x000000010e53b028]
Event: 1.108 Thread 0x00007ffd17863800  772   !   3       java.net.URLClassLoader::definePackageInternal (81 bytes)
Event: 1.109 Thread 0x00007ffd17863800 nmethod 772 0x000000010e52d8d0 code [0x000000010e52db00, 0x000000010e52e698]
Event: 1.109 Thread 0x00007ffd17863800  774       3       java.security.CodeSource::<init> (40 bytes)
Event: 1.109 Thread 0x00007ffd17863800 nmethod 774 0x000000010e532490 code [0x000000010e532620, 0x000000010e532a48]
Event: 1.109 Thread 0x00007ffd17863800  775   !   3       java.security.SecureClassLoader::getProtectionDomain (114 bytes)
Event: 1.110 Thread 0x00007ffd17863800 nmethod 775 0x000000010e531210 code [0x000000010e531400, 0x000000010e531f08]
Event: 1.110 Thread 0x00007ffd17863800  776       3       java.lang.ClassLoader::defineClass (43 bytes)
Event: 1.110 Thread 0x00007ffd17863800 nmethod 776 0x000000010e53bd50 code [0x000000010e53bf40, 0x000000010e53cb08]

GC Heap History (0 events):
No events

Deoptimization events (10 events):
Event: 0.538 Thread 0x00007ffd1680e800 Uncommon trap: reason=unstable_if action=reinterpret pc=0x000000010e3e6c7c method=sun.misc.URLClassPath.getLoader(I)Lsun/misc/URLClassPath$Loader; @ 36
Event: 0.741 Thread 0x00007ffd1680e800 Uncommon trap: reason=class_check action=maybe_recompile pc=0x000000010e34fe44 method=java.lang.String.equals(Ljava/lang/Object;)Z @ 8
Event: 0.775 Thread 0x00007ffd1680e800 Uncommon trap: reason=unstable_if action=reinterpret pc=0x000000010e3bf254 method=java.lang.String.indexOf([CII[CIII)I @ 3
Event: 0.883 Thread 0x00007ffd1680e800 Uncommon trap: reason=class_check action=maybe_recompile pc=0x000000010e4767bc method=java.util.HashMap.putVal(ILjava/lang/Object;Ljava/lang/Object;ZZ)Ljava/lang/Object; @ 203
Event: 0.993 Thread 0x00007ffd1680e800 Uncommon trap: reason=unstable_if action=reinterpret pc=0x000000010e4d6618 method=sun.misc.MetaIndex.mayContain(Ljava/lang/String;)Z @ 38
Event: 0.994 Thread 0x00007ffd1680e800 Uncommon trap: reason=unstable_if action=reinterpret pc=0x000000010e4d2894 method=sun.misc.MetaIndex.mayContain(Ljava/lang/String;)Z @ 38
Event: 1.047 Thread 0x00007ffd1680e800 Uncommon trap: reason=class_check action=maybe_recompile pc=0x000000010e4998b4 method=java.util.HashMap.putVal(ILjava/lang/Object;Ljava/lang/Object;ZZ)Ljava/lang/Object; @ 203
Event: 1.047 Thread 0x00007ffd1680e800 Uncommon trap: reason=class_check action=maybe_recompile pc=0x000000010e4998b4 method=java.util.HashMap.putVal(ILjava/lang/Object;Ljava/lang/Object;ZZ)Ljava/lang/Object; @ 203
Event: 1.047 Thread 0x00007ffd1680e800 Uncommon trap: reason=class_check action=maybe_recompile pc=0x000000010e4998b4 method=java.util.HashMap.putVal(ILjava/lang/Object;Ljava/lang/Object;ZZ)Ljava/lang/Object; @ 203
Event: 1.047 Thread 0x00007ffd1680e800 Uncommon trap: reason=class_check action=maybe_recompile pc=0x000000010e4767bc method=java.util.HashMap.putVal(ILjava/lang/Object;Ljava/lang/Object;ZZ)Ljava/lang/Object; @ 203

Classes redefined (0 events):
No events

Internal exceptions (10 events):
Event: 0.873 Thread 0x00007ffd1680e800 Exception <a 'java/security/PrivilegedActionException'> (0x000000076d51cc58) thrown at [/Users/java_re/workspace/8-2-build-macosx-x86_64/jdk8u152/9742/hotspot/src/share/vm/prims/jvm.cpp, line 1390]
Event: 1.097 Thread 0x00007ffd1680e800 Exception <a 'java/lang/ClassCastException': java.lang.Integer cannot be cast to supersql.extendclass.ExtList> (0x000000076dc2b310) thrown at [/Users/java_re/workspace/8-2-build-macosx-x86_64/jdk8u152/9742/hotspot/src/share/vm/interpreter/interpreterRunti
Event: 1.097 Thread 0x00007ffd1680e800 Exception <a 'java/lang/ClassCastException': java.lang.Integer cannot be cast to supersql.extendclass.ExtList> (0x000000076dc2b610) thrown at [/Users/java_re/workspace/8-2-build-macosx-x86_64/jdk8u152/9742/hotspot/src/share/vm/interpreter/interpreterRunti
Event: 1.097 Thread 0x00007ffd1680e800 Exception <a 'java/lang/ClassCastException': java.lang.Integer cannot be cast to supersql.extendclass.ExtList> (0x000000076dc2b8f8) thrown at [/Users/java_re/workspace/8-2-build-macosx-x86_64/jdk8u152/9742/hotspot/src/share/vm/interpreter/interpreterRunti
Event: 1.103 Thread 0x00007ffd1680e800 Exception <a 'java/lang/ClassCastException': java.lang.Integer cannot be cast to supersql.extendclass.ExtList> (0x000000076dcffdc8) thrown at [/Users/java_re/workspace/8-2-build-macosx-x86_64/jdk8u152/9742/hotspot/src/share/vm/interpreter/interpreterRunti
Event: 1.103 Thread 0x00007ffd1680e800 Exception <a 'java/lang/ClassCastException': java.lang.Integer cannot be cast to supersql.extendclass.ExtList> (0x000000076dd000c8) thrown at [/Users/java_re/workspace/8-2-build-macosx-x86_64/jdk8u152/9742/hotspot/src/share/vm/interpreter/interpreterRunti
Event: 1.103 Thread 0x00007ffd1680e800 Exception <a 'java/lang/ClassCastException': java.lang.Integer cannot be cast to supersql.extendclass.ExtList> (0x000000076dd003b0) thrown at [/Users/java_re/workspace/8-2-build-macosx-x86_64/jdk8u152/9742/hotspot/src/share/vm/interpreter/interpreterRunti
Event: 1.103 Thread 0x00007ffd1680e800 Exception <a 'java/lang/ClassCastException': java.lang.Integer cannot be cast to supersql.extendclass.ExtList> (0x000000076dd00660) thrown at [/Users/java_re/workspace/8-2-build-macosx-x86_64/jdk8u152/9742/hotspot/src/share/vm/interpreter/interpreterRunti
Event: 1.103 Thread 0x00007ffd1680e800 Exception <a 'java/lang/ClassCastException': java.lang.Integer cannot be cast to supersql.extendclass.ExtList> (0x000000076dd00910) thrown at [/Users/java_re/workspace/8-2-build-macosx-x86_64/jdk8u152/9742/hotspot/src/share/vm/interpreter/interpreterRunti
Event: 1.103 Thread 0x00007ffd1680e800 Exception <a 'java/lang/ClassCastException': java.lang.Integer cannot be cast to supersql.extendclass.ExtList> (0x000000076dd00bc0) thrown at [/Users/java_re/workspace/8-2-build-macosx-x86_64/jdk8u152/9742/hotspot/src/share/vm/interpreter/interpreterRunti

Events (10 events):
Event: 1.104 loading class org/rosuda/JRI/Rengine
Event: 1.104 loading class org/rosuda/JRI/Rengine done
Event: 1.105 loading class java/lang/UnsatisfiedLinkError
Event: 1.105 loading class java/lang/UnsatisfiedLinkError done
Event: 1.106 loading class java/lang/ClassLoaderHelper
Event: 1.106 loading class java/lang/ClassLoaderHelper done
Event: 1.113 loading class org/rosuda/JRI/Mutex
Event: 1.113 loading class org/rosuda/JRI/Mutex done
Event: 1.114 Thread 0x00007ffd182cb800 Thread added: 0x00007ffd182cb800
Event: 1.114 Thread 0x00007ffd182cb800 Thread exited: 0x00007ffd182cb800


Dynamic libraries:
0x000000002f81b000 	/System/Library/Frameworks/Cocoa.framework/Versions/A/Cocoa
0x000000002f81b000 	/System/Library/Frameworks/Security.framework/Versions/A/Security
0x000000002f81b000 	/System/Library/Frameworks/ApplicationServices.framework/Versions/A/ApplicationServices
0x000000002f81b000 	/usr/lib/libz.1.dylib
0x000000002f81b000 	/usr/lib/libSystem.B.dylib
0x000000002f81b000 	/usr/lib/libobjc.A.dylib
0x000000002f81b000 	/System/Library/Frameworks/CoreFoundation.framework/Versions/A/CoreFoundation
0x000000002f81b000 	/System/Library/Frameworks/Foundation.framework/Versions/C/Foundation
0x000000002f81b000 	/System/Library/Frameworks/AppKit.framework/Versions/C/AppKit
0x000000002f81b000 	/System/Library/Frameworks/CoreData.framework/Versions/A/CoreData
0x000000002f81b000 	/System/Library/PrivateFrameworks/RemoteViewServices.framework/Versions/A/RemoteViewServices
0x000000002f81b000 	/System/Library/PrivateFrameworks/UIFoundation.framework/Versions/A/UIFoundation
0x000000002f81b000 	/System/Library/PrivateFrameworks/DFRFoundation.framework/Versions/A/DFRFoundation
0x000000002f81b000 	/System/Library/Frameworks/Metal.framework/Versions/A/Metal
0x000000002f81b000 	/System/Library/PrivateFrameworks/DesktopServicesPriv.framework/Versions/A/DesktopServicesPriv
0x000000002f81b000 	/usr/lib/libenergytrace.dylib
0x000000002f81b000 	/System/Library/PrivateFrameworks/SkyLight.framework/Versions/A/SkyLight
0x000000002f81b000 	/System/Library/Frameworks/CoreGraphics.framework/Versions/A/CoreGraphics
0x000000002f81b000 	/usr/lib/libScreenReader.dylib
0x000000002f81b000 	/System/Library/Frameworks/Accelerate.framework/Versions/A/Accelerate
0x000000002f81b000 	/System/Library/Frameworks/IOSurface.framework/Versions/A/IOSurface
0x000000002f81b000 	/System/Library/Frameworks/AudioToolbox.framework/Versions/A/AudioToolbox
0x000000002f81b000 	/System/Library/Frameworks/AudioUnit.framework/Versions/A/AudioUnit
0x000000002f81b000 	/System/Library/PrivateFrameworks/DataDetectorsCore.framework/Versions/A/DataDetectorsCore
0x000000002f81b000 	/System/Library/Frameworks/Carbon.framework/Versions/A/Frameworks/HIToolbox.framework/Versions/A/HIToolbox
0x000000002f81b000 	/usr/lib/libicucore.A.dylib
0x000000002f81b000 	/System/Library/Frameworks/QuartzCore.framework/Versions/A/QuartzCore
0x000000002f81b000 	/System/Library/PrivateFrameworks/SignpostNotification.framework/Versions/A/SignpostNotification
0x000000002f81b000 	/System/Library/Frameworks/Carbon.framework/Versions/A/Frameworks/SpeechRecognition.framework/Versions/A/SpeechRecognition
0x000000002f81b000 	/usr/lib/libauto.dylib
0x000000002f81b000 	/usr/lib/libxml2.2.dylib
0x000000002f81b000 	/System/Library/PrivateFrameworks/CoreUI.framework/Versions/A/CoreUI
0x000000002f81b000 	/System/Library/Frameworks/CoreAudio.framework/Versions/A/CoreAudio
0x000000002f81b000 	/System/Library/Frameworks/DiskArbitration.framework/Versions/A/DiskArbitration
0x000000002f81b000 	/usr/lib/liblangid.dylib
0x000000002f81b000 	/System/Library/PrivateFrameworks/MultitouchSupport.framework/Versions/A/MultitouchSupport
0x000000002f81b000 	/System/Library/Frameworks/IOKit.framework/Versions/A/IOKit
0x000000002f81b000 	/usr/lib/libDiagnosticMessagesClient.dylib
0x000000002f81b000 	/System/Library/Frameworks/CoreServices.framework/Versions/A/CoreServices
0x000000002f81b000 	/System/Library/PrivateFrameworks/PerformanceAnalysis.framework/Versions/A/PerformanceAnalysis
0x000000002f81b000 	/System/Library/Frameworks/OpenGL.framework/Versions/A/OpenGL
0x000000002f81b000 	/System/Library/Frameworks/ColorSync.framework/Versions/A/ColorSync
0x000000002f81b000 	/System/Library/Frameworks/CoreImage.framework/Versions/A/CoreImage
0x000000002f81b000 	/System/Library/Frameworks/CoreText.framework/Versions/A/CoreText
0x000000002f81b000 	/System/Library/Frameworks/ImageIO.framework/Versions/A/ImageIO
0x000000002f81b000 	/System/Library/PrivateFrameworks/Backup.framework/Versions/A/Backup
0x000000002f81b000 	/usr/lib/libarchive.2.dylib
0x000000002f81b000 	/System/Library/Frameworks/CFNetwork.framework/Versions/A/CFNetwork
0x000000002f81b000 	/System/Library/Frameworks/SystemConfiguration.framework/Versions/A/SystemConfiguration
0x000000002f81b000 	/usr/lib/libCRFSuite.dylib
0x000000002f81b000 	/usr/lib/libc++.1.dylib
0x000000002f81b000 	/usr/lib/libc++abi.dylib
0x000000002f81b000 	/usr/lib/system/libcache.dylib
0x000000002f81b000 	/usr/lib/system/libcommonCrypto.dylib
0x000000002f81b000 	/usr/lib/system/libcompiler_rt.dylib
0x000000002f81b000 	/usr/lib/system/libcopyfile.dylib
0x000000002f81b000 	/usr/lib/system/libcorecrypto.dylib
0x000000002f81b000 	/usr/lib/system/libdispatch.dylib
0x000000002f81b000 	/usr/lib/system/libdyld.dylib
0x000000002f81b000 	/usr/lib/system/libkeymgr.dylib
0x000000002f81b000 	/usr/lib/system/liblaunch.dylib
0x000000002f81b000 	/usr/lib/system/libmacho.dylib
0x000000002f81b000 	/usr/lib/system/libquarantine.dylib
0x000000002f81b000 	/usr/lib/system/libremovefile.dylib
0x000000002f81b000 	/usr/lib/system/libsystem_asl.dylib
0x000000002f81b000 	/usr/lib/system/libsystem_blocks.dylib
0x000000002f81b000 	/usr/lib/system/libsystem_c.dylib
0x000000002f81b000 	/usr/lib/system/libsystem_configuration.dylib
0x000000002f81b000 	/usr/lib/system/libsystem_coreservices.dylib
0x000000002f81b000 	/usr/lib/system/libsystem_darwin.dylib
0x000000002f81b000 	/usr/lib/system/libsystem_dnssd.dylib
0x000000002f81b000 	/usr/lib/system/libsystem_info.dylib
0x000000002f81b000 	/usr/lib/system/libsystem_m.dylib
0x000000002f81b000 	/usr/lib/system/libsystem_malloc.dylib
0x000000002f81b000 	/usr/lib/system/libsystem_network.dylib
0x000000002f81b000 	/usr/lib/system/libsystem_networkextension.dylib
0x000000002f81b000 	/usr/lib/system/libsystem_notify.dylib
0x000000002f81b000 	/usr/lib/system/libsystem_sandbox.dylib
0x000000002f81b000 	/usr/lib/system/libsystem_secinit.dylib
0x000000002f81b000 	/usr/lib/system/libsystem_kernel.dylib
0x000000002f81b000 	/usr/lib/system/libsystem_platform.dylib
0x000000002f81b000 	/usr/lib/system/libsystem_pthread.dylib
0x000000002f81b000 	/usr/lib/system/libsystem_symptoms.dylib
0x000000002f81b000 	/usr/lib/system/libsystem_trace.dylib
0x000000002f81b000 	/usr/lib/system/libunwind.dylib
0x000000002f81b000 	/usr/lib/system/libxpc.dylib
0x000000002f81b000 	/usr/lib/closure/libclosured.dylib
0x000000002f81b000 	/usr/lib/libbsm.0.dylib
0x000000002f81b000 	/usr/lib/system/libkxld.dylib
0x000000002f81b000 	/usr/lib/libOpenScriptingUtil.dylib
0x000000002f81b000 	/usr/lib/libcoretls.dylib
0x000000002f81b000 	/usr/lib/libcoretls_cfhelpers.dylib
0x000000002f81b000 	/usr/lib/libpam.2.dylib
0x000000002f81b000 	/usr/lib/libsqlite3.dylib
0x000000002f81b000 	/usr/lib/libxar.1.dylib
0x000000002f81b000 	/usr/lib/libbz2.1.0.dylib
0x000000002f81b000 	/usr/lib/liblzma.5.dylib
0x000000002f81b000 	/usr/lib/libnetwork.dylib
0x000000002f81b000 	/usr/lib/libapple_nghttp2.dylib
0x000000002f81b000 	/usr/lib/libpcap.A.dylib
0x000000002f81b000 	/usr/lib/libboringssl.dylib
0x000000002f81b000 	/usr/lib/libusrtcp.dylib
0x000000002f81b000 	/usr/lib/libapple_crypto.dylib
0x000000002f81b000 	/System/Library/Frameworks/CoreServices.framework/Versions/A/Frameworks/FSEvents.framework/Versions/A/FSEvents
0x000000002f81b000 	/System/Library/Frameworks/CoreServices.framework/Versions/A/Frameworks/CarbonCore.framework/Versions/A/CarbonCore
0x000000002f81b000 	/System/Library/Frameworks/CoreServices.framework/Versions/A/Frameworks/Metadata.framework/Versions/A/Metadata
0x000000002f81b000 	/System/Library/Frameworks/CoreServices.framework/Versions/A/Frameworks/OSServices.framework/Versions/A/OSServices
0x000000002f81b000 	/System/Library/Frameworks/CoreServices.framework/Versions/A/Frameworks/SearchKit.framework/Versions/A/SearchKit
0x000000002f81b000 	/System/Library/Frameworks/CoreServices.framework/Versions/A/Frameworks/AE.framework/Versions/A/AE
0x000000002f81b000 	/System/Library/Frameworks/CoreServices.framework/Versions/A/Frameworks/LaunchServices.framework/Versions/A/LaunchServices
0x000000002f81b000 	/System/Library/Frameworks/CoreServices.framework/Versions/A/Frameworks/DictionaryServices.framework/Versions/A/DictionaryServices
0x000000002f81b000 	/System/Library/Frameworks/CoreServices.framework/Versions/A/Frameworks/SharedFileList.framework/Versions/A/SharedFileList
0x000000002f81b000 	/System/Library/Frameworks/NetFS.framework/Versions/A/NetFS
0x000000002f81b000 	/System/Library/PrivateFrameworks/NetAuth.framework/Versions/A/NetAuth
0x000000002f81b000 	/System/Library/PrivateFrameworks/login.framework/Versions/A/Frameworks/loginsupport.framework/Versions/A/loginsupport
0x000000002f81b000 	/System/Library/PrivateFrameworks/TCC.framework/Versions/A/TCC
0x000000002f81b000 	/usr/lib/libmecabra.dylib
0x000000002f81b000 	/System/Library/Frameworks/ApplicationServices.framework/Versions/A/Frameworks/ATS.framework/Versions/A/ATS
0x000000002f81b000 	/System/Library/Frameworks/ApplicationServices.framework/Versions/A/Frameworks/ColorSyncLegacy.framework/Versions/A/ColorSyncLegacy
0x000000002f81b000 	/System/Library/Frameworks/ApplicationServices.framework/Versions/A/Frameworks/HIServices.framework/Versions/A/HIServices
0x000000002f81b000 	/System/Library/Frameworks/ApplicationServices.framework/Versions/A/Frameworks/LangAnalysis.framework/Versions/A/LangAnalysis
0x000000002f81b000 	/System/Library/Frameworks/ApplicationServices.framework/Versions/A/Frameworks/PrintCore.framework/Versions/A/PrintCore
0x000000002f81b000 	/System/Library/Frameworks/ApplicationServices.framework/Versions/A/Frameworks/QD.framework/Versions/A/QD
0x000000002f81b000 	/System/Library/Frameworks/ApplicationServices.framework/Versions/A/Frameworks/SpeechSynthesis.framework/Versions/A/SpeechSynthesis
0x000000002f81b000 	/System/Library/Frameworks/CoreDisplay.framework/Versions/A/CoreDisplay
0x000000002f81b000 	/System/Library/Frameworks/Accelerate.framework/Versions/A/Frameworks/vImage.framework/Versions/A/vImage
0x000000002f81b000 	/System/Library/Frameworks/Accelerate.framework/Versions/A/Frameworks/vecLib.framework/Versions/A/vecLib
0x000000002f81b000 	/System/Library/Frameworks/Accelerate.framework/Versions/A/Frameworks/vecLib.framework/Versions/A/libvDSP.dylib
0x000000002f81b000 	/System/Library/Frameworks/Accelerate.framework/Versions/A/Frameworks/vecLib.framework/Versions/A/libBNNS.dylib
0x000000002f81b000 	/System/Library/Frameworks/Accelerate.framework/Versions/A/Frameworks/vecLib.framework/Versions/A/libQuadrature.dylib
0x000000002f81b000 	/System/Library/Frameworks/Accelerate.framework/Versions/A/Frameworks/vecLib.framework/Versions/A/libvMisc.dylib
0x000000002f81b000 	/System/Library/Frameworks/Accelerate.framework/Versions/A/Frameworks/vecLib.framework/Versions/A/libLAPACK.dylib
0x000000002f81b000 	/System/Library/Frameworks/Accelerate.framework/Versions/A/Frameworks/vecLib.framework/Versions/A/libBLAS.dylib
0x000000002f81b000 	/System/Library/Frameworks/Accelerate.framework/Versions/A/Frameworks/vecLib.framework/Versions/A/libLinearAlgebra.dylib
0x000000002f81b000 	/System/Library/Frameworks/Accelerate.framework/Versions/A/Frameworks/vecLib.framework/Versions/A/libSparse.dylib
0x000000002f81b000 	/System/Library/Frameworks/Accelerate.framework/Versions/A/Frameworks/vecLib.framework/Versions/A/libSparseBLAS.dylib
0x000000002f81b000 	/System/Library/PrivateFrameworks/GPUWrangler.framework/Versions/A/GPUWrangler
0x000000002f81b000 	/System/Library/PrivateFrameworks/IOAccelerator.framework/Versions/A/IOAccelerator
0x000000002f81b000 	/System/Library/PrivateFrameworks/IOPresentment.framework/Versions/A/IOPresentment
0x000000002f81b000 	/System/Library/PrivateFrameworks/DSExternalDisplay.framework/Versions/A/DSExternalDisplay
0x000000002f81b000 	/System/Library/Frameworks/OpenGL.framework/Versions/A/Libraries/libCoreFSCache.dylib
0x000000002f81b000 	/System/Library/Frameworks/CoreVideo.framework/Versions/A/CoreVideo
0x000000002f81b000 	/System/Library/PrivateFrameworks/GraphVisualizer.framework/Versions/A/GraphVisualizer
0x000000002f81b000 	/System/Library/Frameworks/MetalPerformanceShaders.framework/Versions/A/MetalPerformanceShaders
0x000000002f81b000 	/usr/lib/libFosl_dynamic.dylib
0x000000002f81b000 	/System/Library/PrivateFrameworks/FaceCore.framework/Versions/A/FaceCore
0x000000002f81b000 	/System/Library/Frameworks/OpenCL.framework/Versions/A/OpenCL
0x000000002f81b000 	/usr/lib/libcompression.dylib
0x000000002f81b000 	/System/Library/Frameworks/ApplicationServices.framework/Versions/A/Frameworks/ATS.framework/Versions/A/Resources/libFontParser.dylib
0x000000002f81b000 	/System/Library/Frameworks/ApplicationServices.framework/Versions/A/Frameworks/ATS.framework/Versions/A/Resources/libFontRegistry.dylib
0x000000002f81b000 	/System/Library/Frameworks/ImageIO.framework/Versions/A/Resources/libJPEG.dylib
0x000000002f81b000 	/System/Library/Frameworks/ImageIO.framework/Versions/A/Resources/libTIFF.dylib
0x000000002f81b000 	/System/Library/Frameworks/ImageIO.framework/Versions/A/Resources/libPng.dylib
0x000000002f81b000 	/System/Library/Frameworks/ImageIO.framework/Versions/A/Resources/libGIF.dylib
0x000000002f81b000 	/System/Library/Frameworks/ImageIO.framework/Versions/A/Resources/libJP2.dylib
0x000000002f81b000 	/System/Library/Frameworks/ImageIO.framework/Versions/A/Resources/libRadiance.dylib
0x000000002f81b000 	/System/Library/PrivateFrameworks/AppleJPEG.framework/Versions/A/AppleJPEG
0x000000002f81b000 	/System/Library/Frameworks/MetalPerformanceShaders.framework/Frameworks/MPSCore.framework/Versions/A/MPSCore
0x000000002f81b000 	/System/Library/Frameworks/MetalPerformanceShaders.framework/Frameworks/MPSImage.framework/Versions/A/MPSImage
0x000000002f81b000 	/System/Library/Frameworks/MetalPerformanceShaders.framework/Frameworks/MPSNeuralNetwork.framework/Versions/A/MPSNeuralNetwork
0x000000002f81b000 	/System/Library/Frameworks/MetalPerformanceShaders.framework/Frameworks/MPSMatrix.framework/Versions/A/MPSMatrix
0x000000002f81b000 	/System/Library/PrivateFrameworks/MetalTools.framework/Versions/A/MetalTools
0x000000002f81b000 	/System/Library/Frameworks/OpenGL.framework/Versions/A/Libraries/libGLU.dylib
0x000000002f81b000 	/System/Library/Frameworks/OpenGL.framework/Versions/A/Libraries/libGFXShared.dylib
0x000000002f81b000 	/System/Library/Frameworks/OpenGL.framework/Versions/A/Libraries/libGL.dylib
0x000000002f81b000 	/System/Library/Frameworks/OpenGL.framework/Versions/A/Libraries/libGLImage.dylib
0x000000002f81b000 	/System/Library/Frameworks/OpenGL.framework/Versions/A/Libraries/libCVMSPluginSupport.dylib
0x000000002f81b000 	/System/Library/Frameworks/OpenGL.framework/Versions/A/Libraries/libCoreVMClient.dylib
0x000000002f81b000 	/usr/lib/libcups.2.dylib
0x000000002f81b000 	/System/Library/Frameworks/Kerberos.framework/Versions/A/Kerberos
0x000000002f81b000 	/System/Library/Frameworks/GSS.framework/Versions/A/GSS
0x000000002f81b000 	/usr/lib/libresolv.9.dylib
0x000000002f81b000 	/usr/lib/libiconv.2.dylib
0x000000002f81b000 	/System/Library/PrivateFrameworks/Heimdal.framework/Versions/A/Heimdal
0x000000002f81b000 	/usr/lib/libheimdal-asn1.dylib
0x000000002f81b000 	/System/Library/Frameworks/OpenDirectory.framework/Versions/A/OpenDirectory
0x000000002f81b000 	/System/Library/PrivateFrameworks/CommonAuth.framework/Versions/A/CommonAuth
0x000000002f81b000 	/System/Library/Frameworks/OpenDirectory.framework/Versions/A/Frameworks/CFOpenDirectory.framework/Versions/A/CFOpenDirectory
0x000000002f81b000 	/System/Library/Frameworks/SecurityFoundation.framework/Versions/A/SecurityFoundation
0x000000002f81b000 	/System/Library/PrivateFrameworks/APFS.framework/Versions/A/APFS
0x000000002f81b000 	/usr/lib/libutil.dylib
0x000000002f81b000 	/System/Library/PrivateFrameworks/AppleSauce.framework/Versions/A/AppleSauce
0x000000002f81b000 	/System/Library/PrivateFrameworks/LinguisticData.framework/Versions/A/LinguisticData
0x000000002f81b000 	/usr/lib/libmarisa.dylib
0x000000002f81b000 	/System/Library/PrivateFrameworks/Lexicon.framework/Versions/A/Lexicon
0x000000002f81b000 	/usr/lib/libChineseTokenizer.dylib
0x000000002f81b000 	/usr/lib/libcmph.dylib
0x000000002f81b000 	/System/Library/PrivateFrameworks/LanguageModeling.framework/Versions/A/LanguageModeling
0x000000002f81b000 	/System/Library/PrivateFrameworks/CoreEmoji.framework/Versions/A/CoreEmoji
0x000000002f81b000 	/System/Library/Frameworks/ServiceManagement.framework/Versions/A/ServiceManagement
0x000000002f81b000 	/System/Library/PrivateFrameworks/BackgroundTaskManagement.framework/Versions/A/BackgroundTaskManagement
0x000000002f81b000 	/usr/lib/libxslt.1.dylib
0x000000002f81b000 	/System/Library/Frameworks/Carbon.framework/Versions/A/Frameworks/Ink.framework/Versions/A/Ink
0x000000002f81b000 	/System/Library/PrivateFrameworks/TextureIO.framework/Versions/A/TextureIO
0x000000002f81b000 	/usr/lib/libate.dylib
0x000000002f81b000 	/System/Library/PrivateFrameworks/CrashReporterSupport.framework/Versions/A/CrashReporterSupport
0x000000002f81b000 	/System/Library/PrivateFrameworks/Sharing.framework/Versions/A/Sharing
0x000000002f81b000 	/System/Library/PrivateFrameworks/IconServices.framework/Versions/A/IconServices
0x000000002f81b000 	/System/Library/PrivateFrameworks/AuthKit.framework/Versions/A/AuthKit
0x000000002f81b000 	/System/Library/PrivateFrameworks/Apple80211.framework/Versions/A/Apple80211
0x000000002f81b000 	/System/Library/PrivateFrameworks/CoreUtils.framework/Versions/A/CoreUtils
0x000000002f81b000 	/System/Library/Frameworks/CoreWLAN.framework/Versions/A/CoreWLAN
0x000000002f81b000 	/System/Library/Frameworks/IOBluetooth.framework/Versions/A/IOBluetooth
0x000000002f81b000 	/System/Library/PrivateFrameworks/ProtocolBuffer.framework/Versions/A/ProtocolBuffer
0x000000002f81b000 	/System/Library/PrivateFrameworks/MobileKeyBag.framework/Versions/A/MobileKeyBag
0x000000002f81b000 	/System/Library/PrivateFrameworks/CorePhoneNumbers.framework/Versions/A/CorePhoneNumbers
0x000000002f81b000 	/System/Library/PrivateFrameworks/AppleIDAuthSupport.framework/Versions/A/AppleIDAuthSupport
0x000000002f81b000 	/System/Library/PrivateFrameworks/KeychainCircle.framework/Versions/A/KeychainCircle
0x000000002f81b000 	/System/Library/PrivateFrameworks/CoreWiFi.framework/Versions/A/CoreWiFi
0x000000002f81b000 	/System/Library/Frameworks/CoreBluetooth.framework/Versions/A/CoreBluetooth
0x000000002f81b000 	/System/Library/PrivateFrameworks/DebugSymbols.framework/Versions/A/DebugSymbols
0x000000002f81b000 	/System/Library/PrivateFrameworks/CoreSymbolication.framework/Versions/A/CoreSymbolication
0x000000002f81b000 	/System/Library/PrivateFrameworks/Symbolication.framework/Versions/A/Symbolication
0x000000002f81b000 	/System/Library/PrivateFrameworks/AppleFSCompression.framework/Versions/A/AppleFSCompression
0x000000002f81b000 	/System/Library/PrivateFrameworks/SpeechRecognitionCore.framework/Versions/A/SpeechRecognitionCore
0x000000002f81b000 	/System/Library/CoreServices/Encodings/libJapaneseConverter.dylib
0x0000000100a00000 	/Applications/Eclipse_4.7.2.app/Contents/java/8/Home/jre/lib/server/libjvm.dylib
0x000000002f81b000 	/usr/lib/libstdc++.6.0.9.dylib
0x00000001000e6000 	/Applications/Eclipse_4.7.2.app/Contents/java/8/Home/jre/lib/libverify.dylib
0x00000001000f4000 	/Applications/Eclipse_4.7.2.app/Contents/java/8/Home/jre/lib/libjava.dylib
0x0000000100174000 	/Applications/Eclipse_4.7.2.app/Contents/java/8/Home/jre/lib/libzip.dylib
0x000000010ce88000 	/Applications/Eclipse_4.7.2.app/Contents/java/8/Home/jre/lib/libnet.dylib
0x000000010d324000 	/usr/local/lib/R/3.5/site-library/rJava/jri/libjri.jnilib
0x000000002f81b000 	/System/Library/Frameworks/JavaVM.framework/Versions/A/JavaVM
0x000000011f0d4000 	/usr/local/opt/r/lib/R/lib/libR.dylib
0x000000010db5b000 	/usr/local/opt/pcre/lib/libpcre.1.dylib
0x000000010dbc3000 	/usr/local/opt/xz/lib/liblzma.5.dylib
0x000000002f81b000 	/System/Library/PrivateFrameworks/JavaLaunching.framework/Versions/A/JavaLaunching
0x000000011f43c000 	/usr/local/opt/gcc/lib/gcc/8/libgfortran.5.dylib
0x000000010dbe4000 	/usr/local/opt/gcc/lib/gcc/8/libquadmath.0.dylib
0x000000010d53e000 	/usr/local/opt/gettext/lib/libintl.8.dylib
0x000000010dc2b000 	/usr/local/opt/readline/lib/libreadline.7.dylib
0x000000010dc65000 	/usr/local/lib/gcc/8/libgcc_s.1.dylib
0x000000002f81b000 	/usr/lib/libncurses.5.4.dylib

VM Arguments:
jvm_args: -Djava.ext.dirs=/Applications/Eclipse_4.7.2.app/Contents/java/8/Home/jre/lib/ext -Djava.library.path=.:/usr/local/lib/R/3.5/site-library/rJava/jri/ -Dfile.encoding=UTF-8 
java_command: supersql.FrontEnd -f /Users/otawa/Documents/queries/test2.ssql
java_class_path (initial): /Applications/Eclipse_4.7.2.app/Contents/java/8/Home/jre/lib/resources.jar:/Applications/Eclipse_4.7.2.app/Contents/java/8/Home/jre/lib/rt.jar:/Applications/Eclipse_4.7.2.app/Contents/java/8/Home/jre/lib/jsse.jar:/Applications/Eclipse_4.7.2.app/Contents/java/8/Home/jre/lib/jce.jar:/Applications/Eclipse_4.7.2.app/Contents/java/8/Home/jre/lib/charsets.jar:/Applications/Eclipse_4.7.2.app/Contents/java/8/Home/jre/lib/jfr.jar:/Applications/Eclipse_4.7.2.app/Contents/java/8/Home/jre/lib/ext/sunec.jar:/Applications/Eclipse_4.7.2.app/Contents/java/8/Home/jre/lib/ext/nashorn.jar:/Applications/Eclipse_4.7.2.app/Contents/java/8/Home/jre/lib/ext/cldrdata.jar:/Applications/Eclipse_4.7.2.app/Contents/java/8/Home/jre/lib/ext/jfxrt.jar:/Applications/Eclipse_4.7.2.app/Contents/java/8/Home/jre/lib/ext/dnsns.jar:/Applications/Eclipse_4.7.2.app/Contents/java/8/Home/jre/lib/ext/localedata.jar:/Applications/Eclipse_4.7.2.app/Contents/java/8/Home/jre/lib/ext/sunjce_provider.jar:/Applications/Eclipse_4.7.2.app/Contents/java/8/Home/jre/lib/ext/sunpkcs11.jar:/Applications/Eclipse_4.7.2.app/Contents/java/8/Home/jre/lib/ext/jaccess.jar:/Applications/Eclipse_4.7.2.app/Contents/java/8/Home/jre/lib/ext/zipfs.jar:/Users/otawa/Documents/workspace/NewSSQL/target/classes:/Users/otawa/Documents/workspace/NewSSQL/lib/postgresql-42.2.5.jar:/usr/local/lib/R/3.5/site-library/rJava/jri/JRI.jar:/Users/otawa/.m2/repository/org/jsoup/jsoup/1.10.2/jsoup-1.10.2.jar:/Users/otawa/.m2/repository/org/antlr/antlr4/4.5/antlr4-4.5.jar:/Users/otawa/.m2/repository/org/antlr/antlr4-runtime/4.5/antlr4-runtime-4.5.jar:/Users/otawa/.m2/repository/org/abego/treelayout/org.abego.treelayout.core/1.0.1/org.abego.treelayout.core-1.0.1.jar:/Users/otawa/.m2/repository/org/antlr/antlr-runtime/3.5.2/antlr-runtime-3.5.2.jar:/Users/otawa/.m2/repository/org/antlr/ST4/4.0.8/ST4-4.0.8.jar:/Users/otawa/.m2/repository/javax/servlet/javax.servlet-api/4.0.0-b05/javax.servlet-api-4.0.0-b05.jar:/Users/otawa/.m2/rep
Launcher Type: SUN_STANDARD

Environment Variables:
PATH=/usr/bin:/bin:/usr/sbin:/sbin
SHELL=/bin/bash

Signal Handlers:
SIGSEGV: [libjvm.dylib+0x5b494d], sa_mask[0]=11111111011111110111111111111111, sa_flags=SA_ONSTACK|SA_RESTART|SA_SIGINFO
SIGBUS: [libjvm.dylib+0x5b494d], sa_mask[0]=11111111011111110111111111111111, sa_flags=SA_RESTART|SA_SIGINFO
SIGFPE: [libjvm.dylib+0x48ab54], sa_mask[0]=11111111011111110111111111111111, sa_flags=SA_RESTART|SA_SIGINFO
SIGPIPE: [libjvm.dylib+0x48ab54], sa_mask[0]=11111111011111110111111111111111, sa_flags=SA_RESTART|SA_SIGINFO
SIGXFSZ: [libjvm.dylib+0x48ab54], sa_mask[0]=11111111011111110111111111111111, sa_flags=SA_RESTART|SA_SIGINFO
SIGILL: [libjvm.dylib+0x48ab54], sa_mask[0]=11111111011111110111111111111111, sa_flags=SA_RESTART|SA_SIGINFO
SIGUSR1: SIG_DFL, sa_mask[0]=00000000000000000000000000000000, sa_flags=none
SIGUSR2: [libjvm.dylib+0x48a672], sa_mask[0]=00100000000000000000000000000000, sa_flags=SA_RESTART|SA_SIGINFO
SIGHUP: [libjvm.dylib+0x488c49], sa_mask[0]=11111111011111110111111111111111, sa_flags=SA_RESTART|SA_SIGINFO
SIGINT: [libjvm.dylib+0x488c49], sa_mask[0]=11111111011111110111111111111111, sa_flags=SA_RESTART|SA_SIGINFO
SIGTERM: [libjvm.dylib+0x488c49], sa_mask[0]=11111111011111110111111111111111, sa_flags=SA_RESTART|SA_SIGINFO
SIGQUIT: [libjvm.dylib+0x488c49], sa_mask[0]=11111111011111110111111111111111, sa_flags=SA_RESTART|SA_SIGINFO


---------------  S Y S T E M  ---------------

OS:Bsduname:Darwin 17.7.0 Darwin Kernel Version 17.7.0: Thu Jun 21 22:53:14 PDT 2018; root:xnu-4570.71.2~1/RELEASE_X86_64 x86_64
rlimit: STACK 8192k, CORE 0k, NPROC 1418, NOFILE 10240, AS infinity
load average:2.51 2.65 2.76

CPU:total 4 (initial active 4) (2 cores per cpu, 2 threads per core) family 6 model 142 stepping 9, cmov, cx8, fxsr, mmx, sse, sse2, sse3, ssse3, sse4.1, sse4.2, popcnt, avx, avx2, aes, clmul, erms, 3dnowpref, lzcnt, ht, tsc, tscinvbit, bmi1, bmi2, adx

Memory: 4k page, physical 16777216k(2049864k free)

/proc/meminfo:


vm_info: Java HotSpot(TM) 64-Bit Server VM (25.152-b16) for bsd-amd64 JRE (1.8.0_152-b16), built on Sep 14 2017 02:31:13 by "java_re" with gcc 4.2.1 (Based on Apple Inc. build 5658) (LLVM build 2336.11.00)

time: Sat Nov  3 21:47:11 2018
elapsed time: 1 seconds (0d 0h 0m 1s)

