#
# A fatal error has been detected by the Java Runtime Environment:
#
#  SIGSEGV (0xb) at pc=0x0000000115132e6d, pid=58347, tid=0x0000000000001903
#
# JRE version: Java(TM) SE Runtime Environment (8.0_152-b16) (build 1.8.0_152-b16)
# Java VM: Java HotSpot(TM) 64-Bit Server VM (25.152-b16 mixed mode bsd-amd64 compressed oops)
# Problematic frame:
# C  [libR.dylib+0xd1e6d]  GetNewPage+0x11d
#
# Failed to write core dump. Core dumps have been disabled. To enable core dumping, try "ulimit -c unlimited" before starting Java again
#
# If you would like to submit a bug report, please visit:
#   http://bugreport.java.com/bugreport/crash.jsp
# The crash happened outside the Java Virtual Machine in native code.
# See problematic frame for where to report the bug.
#

---------------  T H R E A D  ---------------

Current thread (0x00007fc1af001000):  JavaThread "main" [_thread_in_native, id=6403, stack(0x000070000244f000,0x000070000254f000)]

siginfo: si_signo: 11 (SIGSEGV), si_code: 1 (SEGV_MAPERR), si_addr: 0x0000000000000018

Registers:
RAX=0x000000011529a110, RBX=0x00007fc1b08b2408, RCX=0x0000000115299e60, RDX=0x0000000000000000
RSP=0x000070000254df40, RBP=0x000070000254df60, RSI=0x0000000000000000, RDI=0x00007fc1b08b2408
R8 =0x0000000020000000, R9 =0x000000000000801f, R10=0x0000000000000000, R11=0x00000000000005a2
R12=0x0000000000000038, R13=0x0000000000000001, R14=0x0000000020000000, R15=0x000000000000008e
RIP=0x0000000115132e6d, EFLAGS=0x0000000000010202, ERR=0x0000000000000004
  TRAPNO=0x000000000000000e

Top of Stack: (sp=0x000070000254df40)
0x000070000254df40:   0000000000000000 0000000000000001
0x000070000254df50:   0000000115299fd8 0000000000000001
0x000070000254df60:   000070000254dfd0 0000000115134384
0x000070000254df70:   0000000004000000 00007fc1af001000
0x000070000254df80:   00000000fffffff0 0000000000000000
0x000070000254df90:   0000000000000010 00007fc1af0011f8
0x000070000254dfa0:   000000010e427360 00007fc1af0011f8
0x000070000254dfb0:   0000000000000000 0000000110cb8578
0x000070000254dfc0:   000070000254e0d8 00007fc1ad645f60
0x000070000254dfd0:   000070000254e000 0000000113ef7bfe
0x000070000254dfe0:   0000000110cb8578 0000000000000000
0x000070000254dff0:   0000000000000001 00007fc1af001000
0x000070000254e000:   000070000254e030 0000000113ef6856
0x000070000254e010:   0000000110cb8578 000070000254e0e0
0x000070000254e020:   0000000110cb8578 000070000254e0e0
0x000070000254e030:   000070000254e0b0 000000011572e48f
0x000070000254e040:   0000000110cb8578 000070000254e0e0
0x000070000254e050:   000070000254e0b0 000000011572e099
0x000070000254e060:   0000000000000000 000000076dd75ef8
0x000070000254e070:   000070000254e060 0000000110cb8578
0x000070000254e080:   000070000254e0e0 0000000110cbbc08
0x000070000254e090:   0000000000000000 0000000110cb8578
0x000070000254e0a0:   0000000000000000 000070000254e0d0
0x000070000254e0b0:   000070000254e138 000000011571ddd0
0x000070000254e0c0:   0000000000000000 0000000115727537
0x000070000254e0d0:   0000000000000001 000000076dd7b720
0x000070000254e0e0:   000000076dd75ef8 0000000000000000
0x000070000254e0f0:   000000076dd75ef8 000070000254e0e8
0x000070000254e100:   0000000110cbab35 000070000254e198
0x000070000254e110:   0000000110cbbc08 0000000000000000
0x000070000254e120:   0000000110cbac18 000070000254e0d0
0x000070000254e130:   000070000254e188 000070000254e1f0 

Instructions: (pc=0x0000000115132e6d)
0x0000000115132e4d:   08 41 c1 e6 1d 49 b8 ff ff ff 1f ff ff ff ff 4c
0x0000000115132e5d:   23 05 bd 6f 16 00 4d 09 f0 31 f6 48 89 df ff 00
0x0000000115132e6d:   48 8b 4a 18 48 89 53 10 48 89 5a 18 48 89 59 10
0x0000000115132e7d:   48 89 4b 18 4c 89 03 48 89 98 c8 fe ff ff ff c6 

Register to memory mapping:

RAX=0x000000011529a110: R_GenHeap+0x2b0 in /usr/local/opt/r/lib/R/lib/libR.dylib at 0x0000000115061000
RBX=0x00007fc1b08b2408 is an unknown value
RCX=0x0000000115299e60: R_GenHeap+0 in /usr/local/opt/r/lib/R/lib/libR.dylib at 0x0000000115061000
RDX=0x0000000000000000 is an unknown value
RSP=0x000070000254df40 is pointing into the stack for thread: 0x00007fc1af001000
RBP=0x000070000254df60 is pointing into the stack for thread: 0x00007fc1af001000
RSI=0x0000000000000000 is an unknown value
RDI=0x00007fc1b08b2408 is an unknown value
R8 =0x0000000020000000 is an unknown value
R9 =0x000000000000801f is an unknown value
R10=0x0000000000000000 is an unknown value
R11=0x00000000000005a2 is an unknown value
R12=0x0000000000000038 is an unknown value
R13=0x0000000000000001 is an unknown value
R14=0x0000000020000000 is an unknown value
R15=0x000000000000008e is an unknown value


Stack: [0x000070000244f000,0x000070000254f000],  sp=0x000070000254df40,  free space=1019k
Native frames: (J=compiled Java code, j=interpreted, Vv=VM code, C=native code)
C  [libR.dylib+0xd1e6d]  GetNewPage+0x11d
C  [libR.dylib+0xd3384]  Rf_allocVector3+0x482
C  [libjri.jnilib+0x2bfe]  jri_getString+0x3e
C  [libjri.jnilib+0x1856]  Java_org_rosuda_JRI_Rengine_rniParse+0x16
j  org.rosuda.JRI.Rengine.rniParse(Ljava/lang/String;I)J+0
j  org.rosuda.JRI.Rengine.eval(Ljava/lang/String;Z)Lorg/rosuda/JRI/REXP;+53
j  org.rosuda.JRI.Rengine.eval(Ljava/lang/String;)Lorg/rosuda/JRI/REXP;+3
j  supersql.dataconstructor.GGplot.makeGraph(Lsupersql/extendclass/ExtList;Ljava/lang/Object;Lsupersql/extendclass/ExtList;)Lsupersql/extendclass/ExtList;+111
j  supersql.dataconstructor.GGplot.ggplot(Lsupersql/extendclass/ExtList;Lsupersql/extendclass/ExtList;Lsupersql/extendclass/ExtList;Lsupersql/extendclass/ExtList;)Lsupersql/extendclass/ExtList;+342
j  supersql.dataconstructor.GGplot.ggplot(Lsupersql/extendclass/ExtList;Lsupersql/extendclass/ExtList;Lsupersql/extendclass/ExtList;Lsupersql/extendclass/ExtList;)Lsupersql/extendclass/ExtList;+521
j  supersql.dataconstructor.GGplot.ggplot(Lsupersql/extendclass/ExtList;Lsupersql/extendclass/ExtList;Lsupersql/extendclass/ExtList;Lsupersql/extendclass/ExtList;)Lsupersql/extendclass/ExtList;+521
j  supersql.dataconstructor.TreeGenerator.makeTree(Lsupersql/extendclass/ExtList;Lsupersql/extendclass/ExtList;)Lsupersql/extendclass/ExtList;+611
j  supersql.dataconstructor.DataConstructor.makeTree(Lsupersql/extendclass/ExtList;Lsupersql/extendclass/ExtList;)Lsupersql/extendclass/ExtList;+17
j  supersql.dataconstructor.DataConstructor.schemaToData(Lsupersql/parser/Start_Parse;Lsupersql/dataconstructor/MakeSQL;Lsupersql/extendclass/ExtList;Lsupersql/extendclass/ExtList;)Lsupersql/extendclass/ExtList;+635
j  supersql.dataconstructor.DataConstructor.<init>(Lsupersql/parser/Start_Parse;)V+861
j  supersql.FrontEnd.execSuperSQL([Ljava/lang/String;)V+107
j  supersql.FrontEnd.<init>([Ljava/lang/String;)V+6
j  supersql.FrontEnd.main([Ljava/lang/String;)V+4
v  ~StubRoutines::call_stub
V  [libjvm.dylib+0x2ef7b2]
V  [libjvm.dylib+0x326636]
V  [libjvm.dylib+0x31f3ad]
C  [java+0x38d1]  JavaMain+0x9c4
C  [libsystem_pthread.dylib+0x3661]  _pthread_body+0x154
C  [libsystem_pthread.dylib+0x350d]  _pthread_body+0x0
C  [libsystem_pthread.dylib+0x2bf9]  thread_start+0xd
C  0x0000000000000000

Java frames: (J=compiled Java code, j=interpreted, Vv=VM code)
j  org.rosuda.JRI.Rengine.rniParse(Ljava/lang/String;I)J+0
j  org.rosuda.JRI.Rengine.eval(Ljava/lang/String;Z)Lorg/rosuda/JRI/REXP;+53
j  org.rosuda.JRI.Rengine.eval(Ljava/lang/String;)Lorg/rosuda/JRI/REXP;+3
j  supersql.dataconstructor.GGplot.makeGraph(Lsupersql/extendclass/ExtList;Ljava/lang/Object;Lsupersql/extendclass/ExtList;)Lsupersql/extendclass/ExtList;+111
j  supersql.dataconstructor.GGplot.ggplot(Lsupersql/extendclass/ExtList;Lsupersql/extendclass/ExtList;Lsupersql/extendclass/ExtList;Lsupersql/extendclass/ExtList;)Lsupersql/extendclass/ExtList;+342
j  supersql.dataconstructor.GGplot.ggplot(Lsupersql/extendclass/ExtList;Lsupersql/extendclass/ExtList;Lsupersql/extendclass/ExtList;Lsupersql/extendclass/ExtList;)Lsupersql/extendclass/ExtList;+521
j  supersql.dataconstructor.GGplot.ggplot(Lsupersql/extendclass/ExtList;Lsupersql/extendclass/ExtList;Lsupersql/extendclass/ExtList;Lsupersql/extendclass/ExtList;)Lsupersql/extendclass/ExtList;+521
j  supersql.dataconstructor.TreeGenerator.makeTree(Lsupersql/extendclass/ExtList;Lsupersql/extendclass/ExtList;)Lsupersql/extendclass/ExtList;+611
j  supersql.dataconstructor.DataConstructor.makeTree(Lsupersql/extendclass/ExtList;Lsupersql/extendclass/ExtList;)Lsupersql/extendclass/ExtList;+17
j  supersql.dataconstructor.DataConstructor.schemaToData(Lsupersql/parser/Start_Parse;Lsupersql/dataconstructor/MakeSQL;Lsupersql/extendclass/ExtList;Lsupersql/extendclass/ExtList;)Lsupersql/extendclass/ExtList;+635
j  supersql.dataconstructor.DataConstructor.<init>(Lsupersql/parser/Start_Parse;)V+861
j  supersql.FrontEnd.execSuperSQL([Ljava/lang/String;)V+107
j  supersql.FrontEnd.<init>([Ljava/lang/String;)V+6
j  supersql.FrontEnd.main([Ljava/lang/String;)V+4
v  ~StubRoutines::call_stub

---------------  P R O C E S S  ---------------

Java Threads: ( => current thread )
  0x00007fc1af60e000 JavaThread "Abandoned connection cleanup thread" daemon [_thread_blocked, id=15107, stack(0x0000700003279000,0x0000700003379000)]
  0x00007fc1af00f800 JavaThread "Service Thread" daemon [_thread_blocked, id=17923, stack(0x0000700003073000,0x0000700003173000)]
  0x00007fc1ad821800 JavaThread "C1 CompilerThread2" daemon [_thread_blocked, id=18179, stack(0x0000700002f70000,0x0000700003070000)]
  0x00007fc1ad821000 JavaThread "C2 CompilerThread1" daemon [_thread_blocked, id=18691, stack(0x0000700002e6d000,0x0000700002f6d000)]
  0x00007fc1ad838800 JavaThread "C2 CompilerThread0" daemon [_thread_blocked, id=18947, stack(0x0000700002d6a000,0x0000700002e6a000)]
  0x00007fc1ad812000 JavaThread "Signal Dispatcher" daemon [_thread_blocked, id=13831, stack(0x0000700002c67000,0x0000700002d67000)]
  0x00007fc1ae04c000 JavaThread "Finalizer" daemon [_thread_blocked, id=20995, stack(0x0000700002b64000,0x0000700002c64000)]
  0x00007fc1ae049000 JavaThread "Reference Handler" daemon [_thread_blocked, id=12291, stack(0x0000700002a61000,0x0000700002b61000)]
=>0x00007fc1af001000 JavaThread "main" [_thread_in_native, id=6403, stack(0x000070000244f000,0x000070000254f000)]

Other Threads:
  0x00007fc1ae044800 VMThread [stack: 0x000070000295e000,0x0000700002a5e000] [id=11779]
  0x00007fc1af010800 WatcherThread [stack: 0x0000700003176000,0x0000700003276000] [id=14851]

VM state:not at safepoint (normal execution)

VM Mutex/Monitor currently owned by a thread: None

Heap:
 PSYoungGen      total 76288K, used 53819K [0x000000076ab00000, 0x0000000770000000, 0x00000007c0000000)
  eden space 65536K, 82% used [0x000000076ab00000,0x000000076df8efe0,0x000000076eb00000)
  from space 10752K, 0% used [0x000000076f580000,0x000000076f580000,0x0000000770000000)
  to   space 10752K, 0% used [0x000000076eb00000,0x000000076eb00000,0x000000076f580000)
 ParOldGen       total 175104K, used 0K [0x00000006c0000000, 0x00000006cab00000, 0x000000076ab00000)
  object space 175104K, 0% used [0x00000006c0000000,0x00000006c0000000,0x00000006cab00000)
 Metaspace       used 8678K, capacity 8868K, committed 8960K, reserved 1056768K
  class space    used 921K, capacity 980K, committed 1024K, reserved 1048576K

Card table byte_map: [0x000000010ef6c000,0x000000010f76d000] byte_map_base: 0x000000010b96c000

Marking Bits: (ParMarkBitMap*) 0x000000010e4f66c0
 Begin Bits: [0x0000000124716000, 0x0000000128716000)
 End Bits:   [0x0000000128716000, 0x000000012c716000)

Polling page: 0x000000010d3a4000

CodeCache: size=245760Kb used=3262Kb max_used=3323Kb free=242497Kb
 bounds [0x0000000115716000, 0x0000000115a66000, 0x0000000124716000]
 total_blobs=1123 nmethods=777 adapters=260
 compilation: enabled

Compilation events (10 events):
Event: 1.065 Thread 0x00007fc1ad821800 nmethod 773 0x0000000115a14690 code [0x0000000115a14820, 0x0000000115a14b10]
Event: 1.065 Thread 0x00007fc1ad821800  774       3       java.lang.Integer::toString (48 bytes)
Event: 1.066 Thread 0x00007fc1ad821800 nmethod 774 0x0000000115a13ad0 code [0x0000000115a13ca0, 0x0000000115a142e8]
Event: 1.066 Thread 0x00007fc1ad821800  775       3       java.lang.Integer::toString (8 bytes)
Event: 1.066 Thread 0x00007fc1ad821800 nmethod 775 0x0000000115a1ce50 code [0x0000000115a1cfc0, 0x0000000115a1d148]
Event: 1.066 Thread 0x00007fc1ad821800  781       3       java.io.BufferedOutputStream::flushBuffer (29 bytes)
Event: 1.066 Thread 0x00007fc1ad821800 nmethod 781 0x0000000115a1d1d0 code [0x0000000115a1d340, 0x0000000115a1d5c8]
Event: 1.067 Thread 0x00007fc1ad821800  782       3       sun.nio.cs.UTF_8$Encoder::encodeArrayLoop (489 bytes)
Event: 1.067 Thread 0x00007fc1ad838800 nmethod 779 0x0000000115a20610 code [0x0000000115a20780, 0x0000000115a20b18]
Event: 1.069 Thread 0x00007fc1ad821800 nmethod 782 0x0000000115a20d90 code [0x0000000115a21300, 0x0000000115a24988]

GC Heap History (0 events):
No events

Deoptimization events (10 events):
Event: 0.505 Thread 0x00007fc1af001000 Uncommon trap: reason=unstable_if action=reinterpret pc=0x00000001158c6c3c method=sun.misc.URLClassPath.getLoader(I)Lsun/misc/URLClassPath$Loader; @ 36
Event: 0.660 Thread 0x00007fc1af001000 Uncommon trap: reason=unstable_if action=reinterpret pc=0x000000011594529c method=java.util.HashMap.putVal(ILjava/lang/Object;Ljava/lang/Object;ZZ)Ljava/lang/Object; @ 193
Event: 0.702 Thread 0x00007fc1af001000 Uncommon trap: reason=class_check action=maybe_recompile pc=0x000000011582dd44 method=java.lang.String.equals(Ljava/lang/Object;)Z @ 8
Event: 0.742 Thread 0x00007fc1af001000 Uncommon trap: reason=unstable_if action=reinterpret pc=0x00000001158a0414 method=java.lang.String.indexOf([CII[CIII)I @ 3
Event: 0.953 Thread 0x00007fc1af001000 Uncommon trap: reason=unstable_if action=reinterpret pc=0x00000001159bc2f8 method=sun.misc.MetaIndex.mayContain(Ljava/lang/String;)Z @ 38
Event: 0.954 Thread 0x00007fc1af001000 Uncommon trap: reason=unstable_if action=reinterpret pc=0x00000001159b7814 method=sun.misc.MetaIndex.mayContain(Ljava/lang/String;)Z @ 38
Event: 1.004 Thread 0x00007fc1af001000 Uncommon trap: reason=class_check action=maybe_recompile pc=0x0000000115977434 method=java.util.HashMap.putVal(ILjava/lang/Object;Ljava/lang/Object;ZZ)Ljava/lang/Object; @ 203
Event: 1.005 Thread 0x00007fc1af001000 Uncommon trap: reason=class_check action=maybe_recompile pc=0x0000000115977434 method=java.util.HashMap.putVal(ILjava/lang/Object;Ljava/lang/Object;ZZ)Ljava/lang/Object; @ 203
Event: 1.005 Thread 0x00007fc1af001000 Uncommon trap: reason=class_check action=maybe_recompile pc=0x0000000115977434 method=java.util.HashMap.putVal(ILjava/lang/Object;Ljava/lang/Object;ZZ)Ljava/lang/Object; @ 203
Event: 1.005 Thread 0x00007fc1af001000 Uncommon trap: reason=class_check action=maybe_recompile pc=0x0000000115977434 method=java.util.HashMap.putVal(ILjava/lang/Object;Ljava/lang/Object;ZZ)Ljava/lang/Object; @ 203

Classes redefined (0 events):
No events

Internal exceptions (10 events):
Event: 0.843 Thread 0x00007fc1af001000 Exception <a 'java/security/PrivilegedActionException'> (0x000000076d51ce20) thrown at [/Users/java_re/workspace/8-2-build-macosx-x86_64/jdk8u152/9742/hotspot/src/share/vm/prims/jvm.cpp, line 1390]
Event: 1.054 Thread 0x00007fc1af001000 Exception <a 'java/lang/ClassCastException': java.lang.Integer cannot be cast to supersql.extendclass.ExtList> (0x000000076dc2b190) thrown at [/Users/java_re/workspace/8-2-build-macosx-x86_64/jdk8u152/9742/hotspot/src/share/vm/interpreter/interpreterRunti
Event: 1.054 Thread 0x00007fc1af001000 Exception <a 'java/lang/ClassCastException': java.lang.Integer cannot be cast to supersql.extendclass.ExtList> (0x000000076dc2b490) thrown at [/Users/java_re/workspace/8-2-build-macosx-x86_64/jdk8u152/9742/hotspot/src/share/vm/interpreter/interpreterRunti
Event: 1.054 Thread 0x00007fc1af001000 Exception <a 'java/lang/ClassCastException': java.lang.Integer cannot be cast to supersql.extendclass.ExtList> (0x000000076dc2b778) thrown at [/Users/java_re/workspace/8-2-build-macosx-x86_64/jdk8u152/9742/hotspot/src/share/vm/interpreter/interpreterRunti
Event: 1.065 Thread 0x00007fc1af001000 Exception <a 'java/lang/ClassCastException': java.lang.Integer cannot be cast to supersql.extendclass.ExtList> (0x000000076dcffd58) thrown at [/Users/java_re/workspace/8-2-build-macosx-x86_64/jdk8u152/9742/hotspot/src/share/vm/interpreter/interpreterRunti
Event: 1.065 Thread 0x00007fc1af001000 Exception <a 'java/lang/ClassCastException': java.lang.Integer cannot be cast to supersql.extendclass.ExtList> (0x000000076dd00058) thrown at [/Users/java_re/workspace/8-2-build-macosx-x86_64/jdk8u152/9742/hotspot/src/share/vm/interpreter/interpreterRunti
Event: 1.065 Thread 0x00007fc1af001000 Exception <a 'java/lang/ClassCastException': java.lang.Integer cannot be cast to supersql.extendclass.ExtList> (0x000000076dd00340) thrown at [/Users/java_re/workspace/8-2-build-macosx-x86_64/jdk8u152/9742/hotspot/src/share/vm/interpreter/interpreterRunti
Event: 1.065 Thread 0x00007fc1af001000 Exception <a 'java/lang/ClassCastException': java.lang.Integer cannot be cast to supersql.extendclass.ExtList> (0x000000076dd005f0) thrown at [/Users/java_re/workspace/8-2-build-macosx-x86_64/jdk8u152/9742/hotspot/src/share/vm/interpreter/interpreterRunti
Event: 1.065 Thread 0x00007fc1af001000 Exception <a 'java/lang/ClassCastException': java.lang.Integer cannot be cast to supersql.extendclass.ExtList> (0x000000076dd008a0) thrown at [/Users/java_re/workspace/8-2-build-macosx-x86_64/jdk8u152/9742/hotspot/src/share/vm/interpreter/interpreterRunti
Event: 1.065 Thread 0x00007fc1af001000 Exception <a 'java/lang/ClassCastException': java.lang.Integer cannot be cast to supersql.extendclass.ExtList> (0x000000076dd00b50) thrown at [/Users/java_re/workspace/8-2-build-macosx-x86_64/jdk8u152/9742/hotspot/src/share/vm/interpreter/interpreterRunti

Events (10 events):
Event: 1.067 loading class org/rosuda/JRI/Rengine
Event: 1.067 loading class org/rosuda/JRI/Rengine done
Event: 1.068 loading class java/lang/UnsatisfiedLinkError
Event: 1.068 loading class java/lang/UnsatisfiedLinkError done
Event: 1.069 loading class java/lang/ClassLoaderHelper
Event: 1.069 loading class java/lang/ClassLoaderHelper done
Event: 1.075 loading class org/rosuda/JRI/Mutex
Event: 1.075 loading class org/rosuda/JRI/Mutex done
Event: 1.076 Thread 0x00007fc1b1067000 Thread added: 0x00007fc1b1067000
Event: 1.076 Thread 0x00007fc1b1067000 Thread exited: 0x00007fc1b1067000


Dynamic libraries:
0x000000002f81b000 	/System/Library/Frameworks/Cocoa.framework/Versions/A/Cocoa
0x000000002f81b000 	/System/Library/Frameworks/Security.framework/Versions/A/Security
0x000000002f81b000 	/System/Library/Frameworks/ApplicationServices.framework/Versions/A/ApplicationServices
0x000000002f81b000 	/usr/lib/libz.1.dylib
0x000000002f81b000 	/usr/lib/libSystem.B.dylib
0x000000002f81b000 	/usr/lib/libobjc.A.dylib
0x000000002f81b000 	/System/Library/Frameworks/CoreFoundation.framework/Versions/A/CoreFoundation
0x000000002f81b000 	/System/Library/Frameworks/Foundation.framework/Versions/C/Foundation
0x000000002f81b000 	/System/Library/Frameworks/AppKit.framework/Versions/C/AppKit
0x000000002f81b000 	/System/Library/Frameworks/CoreData.framework/Versions/A/CoreData
0x000000002f81b000 	/System/Library/PrivateFrameworks/RemoteViewServices.framework/Versions/A/RemoteViewServices
0x000000002f81b000 	/System/Library/PrivateFrameworks/UIFoundation.framework/Versions/A/UIFoundation
0x000000002f81b000 	/System/Library/PrivateFrameworks/DFRFoundation.framework/Versions/A/DFRFoundation
0x000000002f81b000 	/System/Library/Frameworks/Metal.framework/Versions/A/Metal
0x000000002f81b000 	/System/Library/PrivateFrameworks/DesktopServicesPriv.framework/Versions/A/DesktopServicesPriv
0x000000002f81b000 	/usr/lib/libenergytrace.dylib
0x000000002f81b000 	/System/Library/PrivateFrameworks/SkyLight.framework/Versions/A/SkyLight
0x000000002f81b000 	/System/Library/Frameworks/CoreGraphics.framework/Versions/A/CoreGraphics
0x000000002f81b000 	/usr/lib/libScreenReader.dylib
0x000000002f81b000 	/System/Library/Frameworks/Accelerate.framework/Versions/A/Accelerate
0x000000002f81b000 	/System/Library/Frameworks/IOSurface.framework/Versions/A/IOSurface
0x000000002f81b000 	/System/Library/Frameworks/AudioToolbox.framework/Versions/A/AudioToolbox
0x000000002f81b000 	/System/Library/Frameworks/AudioUnit.framework/Versions/A/AudioUnit
0x000000002f81b000 	/System/Library/PrivateFrameworks/DataDetectorsCore.framework/Versions/A/DataDetectorsCore
0x000000002f81b000 	/System/Library/Frameworks/Carbon.framework/Versions/A/Frameworks/HIToolbox.framework/Versions/A/HIToolbox
0x000000002f81b000 	/usr/lib/libicucore.A.dylib
0x000000002f81b000 	/System/Library/Frameworks/QuartzCore.framework/Versions/A/QuartzCore
0x000000002f81b000 	/System/Library/PrivateFrameworks/SignpostNotification.framework/Versions/A/SignpostNotification
0x000000002f81b000 	/System/Library/Frameworks/Carbon.framework/Versions/A/Frameworks/SpeechRecognition.framework/Versions/A/SpeechRecognition
0x000000002f81b000 	/usr/lib/libauto.dylib
0x000000002f81b000 	/usr/lib/libxml2.2.dylib
0x000000002f81b000 	/System/Library/PrivateFrameworks/CoreUI.framework/Versions/A/CoreUI
0x000000002f81b000 	/System/Library/Frameworks/CoreAudio.framework/Versions/A/CoreAudio
0x000000002f81b000 	/System/Library/Frameworks/DiskArbitration.framework/Versions/A/DiskArbitration
0x000000002f81b000 	/usr/lib/liblangid.dylib
0x000000002f81b000 	/System/Library/PrivateFrameworks/MultitouchSupport.framework/Versions/A/MultitouchSupport
0x000000002f81b000 	/System/Library/Frameworks/IOKit.framework/Versions/A/IOKit
0x000000002f81b000 	/usr/lib/libDiagnosticMessagesClient.dylib
0x000000002f81b000 	/System/Library/Frameworks/CoreServices.framework/Versions/A/CoreServices
0x000000002f81b000 	/System/Library/PrivateFrameworks/PerformanceAnalysis.framework/Versions/A/PerformanceAnalysis
0x000000002f81b000 	/System/Library/Frameworks/OpenGL.framework/Versions/A/OpenGL
0x000000002f81b000 	/System/Library/Frameworks/ColorSync.framework/Versions/A/ColorSync
0x000000002f81b000 	/System/Library/Frameworks/CoreImage.framework/Versions/A/CoreImage
0x000000002f81b000 	/System/Library/Frameworks/CoreText.framework/Versions/A/CoreText
0x000000002f81b000 	/System/Library/Frameworks/ImageIO.framework/Versions/A/ImageIO
0x000000002f81b000 	/System/Library/PrivateFrameworks/Backup.framework/Versions/A/Backup
0x000000002f81b000 	/usr/lib/libarchive.2.dylib
0x000000002f81b000 	/System/Library/Frameworks/CFNetwork.framework/Versions/A/CFNetwork
0x000000002f81b000 	/System/Library/Frameworks/SystemConfiguration.framework/Versions/A/SystemConfiguration
0x000000002f81b000 	/usr/lib/libCRFSuite.dylib
0x000000002f81b000 	/usr/lib/libc++.1.dylib
0x000000002f81b000 	/usr/lib/libc++abi.dylib
0x000000002f81b000 	/usr/lib/system/libcache.dylib
0x000000002f81b000 	/usr/lib/system/libcommonCrypto.dylib
0x000000002f81b000 	/usr/lib/system/libcompiler_rt.dylib
0x000000002f81b000 	/usr/lib/system/libcopyfile.dylib
0x000000002f81b000 	/usr/lib/system/libcorecrypto.dylib
0x000000002f81b000 	/usr/lib/system/libdispatch.dylib
0x000000002f81b000 	/usr/lib/system/libdyld.dylib
0x000000002f81b000 	/usr/lib/system/libkeymgr.dylib
0x000000002f81b000 	/usr/lib/system/liblaunch.dylib
0x000000002f81b000 	/usr/lib/system/libmacho.dylib
0x000000002f81b000 	/usr/lib/system/libquarantine.dylib
0x000000002f81b000 	/usr/lib/system/libremovefile.dylib
0x000000002f81b000 	/usr/lib/system/libsystem_asl.dylib
0x000000002f81b000 	/usr/lib/system/libsystem_blocks.dylib
0x000000002f81b000 	/usr/lib/system/libsystem_c.dylib
0x000000002f81b000 	/usr/lib/system/libsystem_configuration.dylib
0x000000002f81b000 	/usr/lib/system/libsystem_coreservices.dylib
0x000000002f81b000 	/usr/lib/system/libsystem_darwin.dylib
0x000000002f81b000 	/usr/lib/system/libsystem_dnssd.dylib
0x000000002f81b000 	/usr/lib/system/libsystem_info.dylib
0x000000002f81b000 	/usr/lib/system/libsystem_m.dylib
0x000000002f81b000 	/usr/lib/system/libsystem_malloc.dylib
0x000000002f81b000 	/usr/lib/system/libsystem_network.dylib
0x000000002f81b000 	/usr/lib/system/libsystem_networkextension.dylib
0x000000002f81b000 	/usr/lib/system/libsystem_notify.dylib
0x000000002f81b000 	/usr/lib/system/libsystem_sandbox.dylib
0x000000002f81b000 	/usr/lib/system/libsystem_secinit.dylib
0x000000002f81b000 	/usr/lib/system/libsystem_kernel.dylib
0x000000002f81b000 	/usr/lib/system/libsystem_platform.dylib
0x000000002f81b000 	/usr/lib/system/libsystem_pthread.dylib
0x000000002f81b000 	/usr/lib/system/libsystem_symptoms.dylib
0x000000002f81b000 	/usr/lib/system/libsystem_trace.dylib
0x000000002f81b000 	/usr/lib/system/libunwind.dylib
0x000000002f81b000 	/usr/lib/system/libxpc.dylib
0x000000002f81b000 	/usr/lib/closure/libclosured.dylib
0x000000002f81b000 	/usr/lib/libbsm.0.dylib
0x000000002f81b000 	/usr/lib/system/libkxld.dylib
0x000000002f81b000 	/usr/lib/libOpenScriptingUtil.dylib
0x000000002f81b000 	/usr/lib/libcoretls.dylib
0x000000002f81b000 	/usr/lib/libcoretls_cfhelpers.dylib
0x000000002f81b000 	/usr/lib/libpam.2.dylib
0x000000002f81b000 	/usr/lib/libsqlite3.dylib
0x000000002f81b000 	/usr/lib/libxar.1.dylib
0x000000002f81b000 	/usr/lib/libbz2.1.0.dylib
0x000000002f81b000 	/usr/lib/liblzma.5.dylib
0x000000002f81b000 	/usr/lib/libnetwork.dylib
0x000000002f81b000 	/usr/lib/libapple_nghttp2.dylib
0x000000002f81b000 	/usr/lib/libpcap.A.dylib
0x000000002f81b000 	/usr/lib/libboringssl.dylib
0x000000002f81b000 	/usr/lib/libusrtcp.dylib
0x000000002f81b000 	/usr/lib/libapple_crypto.dylib
0x000000002f81b000 	/System/Library/Frameworks/CoreServices.framework/Versions/A/Frameworks/FSEvents.framework/Versions/A/FSEvents
0x000000002f81b000 	/System/Library/Frameworks/CoreServices.framework/Versions/A/Frameworks/CarbonCore.framework/Versions/A/CarbonCore
0x000000002f81b000 	/System/Library/Frameworks/CoreServices.framework/Versions/A/Frameworks/Metadata.framework/Versions/A/Metadata
0x000000002f81b000 	/System/Library/Frameworks/CoreServices.framework/Versions/A/Frameworks/OSServices.framework/Versions/A/OSServices
0x000000002f81b000 	/System/Library/Frameworks/CoreServices.framework/Versions/A/Frameworks/SearchKit.framework/Versions/A/SearchKit
0x000000002f81b000 	/System/Library/Frameworks/CoreServices.framework/Versions/A/Frameworks/AE.framework/Versions/A/AE
0x000000002f81b000 	/System/Library/Frameworks/CoreServices.framework/Versions/A/Frameworks/LaunchServices.framework/Versions/A/LaunchServices
0x000000002f81b000 	/System/Library/Frameworks/CoreServices.framework/Versions/A/Frameworks/DictionaryServices.framework/Versions/A/DictionaryServices
0x000000002f81b000 	/System/Library/Frameworks/CoreServices.framework/Versions/A/Frameworks/SharedFileList.framework/Versions/A/SharedFileList
0x000000002f81b000 	/System/Library/Frameworks/NetFS.framework/Versions/A/NetFS
0x000000002f81b000 	/System/Library/PrivateFrameworks/NetAuth.framework/Versions/A/NetAuth
0x000000002f81b000 	/System/Library/PrivateFrameworks/login.framework/Versions/A/Frameworks/loginsupport.framework/Versions/A/loginsupport
0x000000002f81b000 	/System/Library/PrivateFrameworks/TCC.framework/Versions/A/TCC
0x000000002f81b000 	/usr/lib/libmecabra.dylib
0x000000002f81b000 	/System/Library/Frameworks/ApplicationServices.framework/Versions/A/Frameworks/ATS.framework/Versions/A/ATS
0x000000002f81b000 	/System/Library/Frameworks/ApplicationServices.framework/Versions/A/Frameworks/ColorSyncLegacy.framework/Versions/A/ColorSyncLegacy
0x000000002f81b000 	/System/Library/Frameworks/ApplicationServices.framework/Versions/A/Frameworks/HIServices.framework/Versions/A/HIServices
0x000000002f81b000 	/System/Library/Frameworks/ApplicationServices.framework/Versions/A/Frameworks/LangAnalysis.framework/Versions/A/LangAnalysis
0x000000002f81b000 	/System/Library/Frameworks/ApplicationServices.framework/Versions/A/Frameworks/PrintCore.framework/Versions/A/PrintCore
0x000000002f81b000 	/System/Library/Frameworks/ApplicationServices.framework/Versions/A/Frameworks/QD.framework/Versions/A/QD
0x000000002f81b000 	/System/Library/Frameworks/ApplicationServices.framework/Versions/A/Frameworks/SpeechSynthesis.framework/Versions/A/SpeechSynthesis
0x000000002f81b000 	/System/Library/Frameworks/CoreDisplay.framework/Versions/A/CoreDisplay
0x000000002f81b000 	/System/Library/Frameworks/Accelerate.framework/Versions/A/Frameworks/vImage.framework/Versions/A/vImage
0x000000002f81b000 	/System/Library/Frameworks/Accelerate.framework/Versions/A/Frameworks/vecLib.framework/Versions/A/vecLib
0x000000002f81b000 	/System/Library/Frameworks/Accelerate.framework/Versions/A/Frameworks/vecLib.framework/Versions/A/libvDSP.dylib
0x000000002f81b000 	/System/Library/Frameworks/Accelerate.framework/Versions/A/Frameworks/vecLib.framework/Versions/A/libBNNS.dylib
0x000000002f81b000 	/System/Library/Frameworks/Accelerate.framework/Versions/A/Frameworks/vecLib.framework/Versions/A/libQuadrature.dylib
0x000000002f81b000 	/System/Library/Frameworks/Accelerate.framework/Versions/A/Frameworks/vecLib.framework/Versions/A/libvMisc.dylib
0x000000002f81b000 	/System/Library/Frameworks/Accelerate.framework/Versions/A/Frameworks/vecLib.framework/Versions/A/libLAPACK.dylib
0x000000002f81b000 	/System/Library/Frameworks/Accelerate.framework/Versions/A/Frameworks/vecLib.framework/Versions/A/libBLAS.dylib
0x000000002f81b000 	/System/Library/Frameworks/Accelerate.framework/Versions/A/Frameworks/vecLib.framework/Versions/A/libLinearAlgebra.dylib
0x000000002f81b000 	/System/Library/Frameworks/Accelerate.framework/Versions/A/Frameworks/vecLib.framework/Versions/A/libSparse.dylib
0x000000002f81b000 	/System/Library/Frameworks/Accelerate.framework/Versions/A/Frameworks/vecLib.framework/Versions/A/libSparseBLAS.dylib
0x000000002f81b000 	/System/Library/PrivateFrameworks/GPUWrangler.framework/Versions/A/GPUWrangler
0x000000002f81b000 	/System/Library/PrivateFrameworks/IOAccelerator.framework/Versions/A/IOAccelerator
0x000000002f81b000 	/System/Library/PrivateFrameworks/IOPresentment.framework/Versions/A/IOPresentment
0x000000002f81b000 	/System/Library/PrivateFrameworks/DSExternalDisplay.framework/Versions/A/DSExternalDisplay
0x000000002f81b000 	/System/Library/Frameworks/OpenGL.framework/Versions/A/Libraries/libCoreFSCache.dylib
0x000000002f81b000 	/System/Library/Frameworks/CoreVideo.framework/Versions/A/CoreVideo
0x000000002f81b000 	/System/Library/PrivateFrameworks/GraphVisualizer.framework/Versions/A/GraphVisualizer
0x000000002f81b000 	/System/Library/Frameworks/MetalPerformanceShaders.framework/Versions/A/MetalPerformanceShaders
0x000000002f81b000 	/usr/lib/libFosl_dynamic.dylib
0x000000002f81b000 	/System/Library/PrivateFrameworks/FaceCore.framework/Versions/A/FaceCore
0x000000002f81b000 	/System/Library/Frameworks/OpenCL.framework/Versions/A/OpenCL
0x000000002f81b000 	/usr/lib/libcompression.dylib
0x000000002f81b000 	/System/Library/Frameworks/ApplicationServices.framework/Versions/A/Frameworks/ATS.framework/Versions/A/Resources/libFontParser.dylib
0x000000002f81b000 	/System/Library/Frameworks/ApplicationServices.framework/Versions/A/Frameworks/ATS.framework/Versions/A/Resources/libFontRegistry.dylib
0x000000002f81b000 	/System/Library/Frameworks/ImageIO.framework/Versions/A/Resources/libJPEG.dylib
0x000000002f81b000 	/System/Library/Frameworks/ImageIO.framework/Versions/A/Resources/libTIFF.dylib
0x000000002f81b000 	/System/Library/Frameworks/ImageIO.framework/Versions/A/Resources/libPng.dylib
0x000000002f81b000 	/System/Library/Frameworks/ImageIO.framework/Versions/A/Resources/libGIF.dylib
0x000000002f81b000 	/System/Library/Frameworks/ImageIO.framework/Versions/A/Resources/libJP2.dylib
0x000000002f81b000 	/System/Library/Frameworks/ImageIO.framework/Versions/A/Resources/libRadiance.dylib
0x000000002f81b000 	/System/Library/PrivateFrameworks/AppleJPEG.framework/Versions/A/AppleJPEG
0x000000002f81b000 	/System/Library/Frameworks/MetalPerformanceShaders.framework/Frameworks/MPSCore.framework/Versions/A/MPSCore
0x000000002f81b000 	/System/Library/Frameworks/MetalPerformanceShaders.framework/Frameworks/MPSImage.framework/Versions/A/MPSImage
0x000000002f81b000 	/System/Library/Frameworks/MetalPerformanceShaders.framework/Frameworks/MPSNeuralNetwork.framework/Versions/A/MPSNeuralNetwork
0x000000002f81b000 	/System/Library/Frameworks/MetalPerformanceShaders.framework/Frameworks/MPSMatrix.framework/Versions/A/MPSMatrix
0x000000002f81b000 	/System/Library/PrivateFrameworks/MetalTools.framework/Versions/A/MetalTools
0x000000002f81b000 	/System/Library/Frameworks/OpenGL.framework/Versions/A/Libraries/libGLU.dylib
0x000000002f81b000 	/System/Library/Frameworks/OpenGL.framework/Versions/A/Libraries/libGFXShared.dylib
0x000000002f81b000 	/System/Library/Frameworks/OpenGL.framework/Versions/A/Libraries/libGL.dylib
0x000000002f81b000 	/System/Library/Frameworks/OpenGL.framework/Versions/A/Libraries/libGLImage.dylib
0x000000002f81b000 	/System/Library/Frameworks/OpenGL.framework/Versions/A/Libraries/libCVMSPluginSupport.dylib
0x000000002f81b000 	/System/Library/Frameworks/OpenGL.framework/Versions/A/Libraries/libCoreVMClient.dylib
0x000000002f81b000 	/usr/lib/libcups.2.dylib
0x000000002f81b000 	/System/Library/Frameworks/Kerberos.framework/Versions/A/Kerberos
0x000000002f81b000 	/System/Library/Frameworks/GSS.framework/Versions/A/GSS
0x000000002f81b000 	/usr/lib/libresolv.9.dylib
0x000000002f81b000 	/usr/lib/libiconv.2.dylib
0x000000002f81b000 	/System/Library/PrivateFrameworks/Heimdal.framework/Versions/A/Heimdal
0x000000002f81b000 	/usr/lib/libheimdal-asn1.dylib
0x000000002f81b000 	/System/Library/Frameworks/OpenDirectory.framework/Versions/A/OpenDirectory
0x000000002f81b000 	/System/Library/PrivateFrameworks/CommonAuth.framework/Versions/A/CommonAuth
0x000000002f81b000 	/System/Library/Frameworks/OpenDirectory.framework/Versions/A/Frameworks/CFOpenDirectory.framework/Versions/A/CFOpenDirectory
0x000000002f81b000 	/System/Library/Frameworks/SecurityFoundation.framework/Versions/A/SecurityFoundation
0x000000002f81b000 	/System/Library/PrivateFrameworks/APFS.framework/Versions/A/APFS
0x000000002f81b000 	/usr/lib/libutil.dylib
0x000000002f81b000 	/System/Library/PrivateFrameworks/AppleSauce.framework/Versions/A/AppleSauce
0x000000002f81b000 	/System/Library/PrivateFrameworks/LinguisticData.framework/Versions/A/LinguisticData
0x000000002f81b000 	/usr/lib/libmarisa.dylib
0x000000002f81b000 	/System/Library/PrivateFrameworks/Lexicon.framework/Versions/A/Lexicon
0x000000002f81b000 	/usr/lib/libChineseTokenizer.dylib
0x000000002f81b000 	/usr/lib/libcmph.dylib
0x000000002f81b000 	/System/Library/PrivateFrameworks/LanguageModeling.framework/Versions/A/LanguageModeling
0x000000002f81b000 	/System/Library/PrivateFrameworks/CoreEmoji.framework/Versions/A/CoreEmoji
0x000000002f81b000 	/System/Library/Frameworks/ServiceManagement.framework/Versions/A/ServiceManagement
0x000000002f81b000 	/System/Library/PrivateFrameworks/BackgroundTaskManagement.framework/Versions/A/BackgroundTaskManagement
0x000000002f81b000 	/usr/lib/libxslt.1.dylib
0x000000002f81b000 	/System/Library/Frameworks/Carbon.framework/Versions/A/Frameworks/Ink.framework/Versions/A/Ink
0x000000002f81b000 	/System/Library/PrivateFrameworks/TextureIO.framework/Versions/A/TextureIO
0x000000002f81b000 	/usr/lib/libate.dylib
0x000000002f81b000 	/System/Library/PrivateFrameworks/CrashReporterSupport.framework/Versions/A/CrashReporterSupport
0x000000002f81b000 	/System/Library/PrivateFrameworks/Sharing.framework/Versions/A/Sharing
0x000000002f81b000 	/System/Library/PrivateFrameworks/IconServices.framework/Versions/A/IconServices
0x000000002f81b000 	/System/Library/PrivateFrameworks/AuthKit.framework/Versions/A/AuthKit
0x000000002f81b000 	/System/Library/PrivateFrameworks/Apple80211.framework/Versions/A/Apple80211
0x000000002f81b000 	/System/Library/PrivateFrameworks/CoreUtils.framework/Versions/A/CoreUtils
0x000000002f81b000 	/System/Library/Frameworks/CoreWLAN.framework/Versions/A/CoreWLAN
0x000000002f81b000 	/System/Library/Frameworks/IOBluetooth.framework/Versions/A/IOBluetooth
0x000000002f81b000 	/System/Library/PrivateFrameworks/ProtocolBuffer.framework/Versions/A/ProtocolBuffer
0x000000002f81b000 	/System/Library/PrivateFrameworks/MobileKeyBag.framework/Versions/A/MobileKeyBag
0x000000002f81b000 	/System/Library/PrivateFrameworks/CorePhoneNumbers.framework/Versions/A/CorePhoneNumbers
0x000000002f81b000 	/System/Library/PrivateFrameworks/AppleIDAuthSupport.framework/Versions/A/AppleIDAuthSupport
0x000000002f81b000 	/System/Library/PrivateFrameworks/KeychainCircle.framework/Versions/A/KeychainCircle
0x000000002f81b000 	/System/Library/PrivateFrameworks/CoreWiFi.framework/Versions/A/CoreWiFi
0x000000002f81b000 	/System/Library/Frameworks/CoreBluetooth.framework/Versions/A/CoreBluetooth
0x000000002f81b000 	/System/Library/PrivateFrameworks/DebugSymbols.framework/Versions/A/DebugSymbols
0x000000002f81b000 	/System/Library/PrivateFrameworks/CoreSymbolication.framework/Versions/A/CoreSymbolication
0x000000002f81b000 	/System/Library/PrivateFrameworks/Symbolication.framework/Versions/A/Symbolication
0x000000002f81b000 	/System/Library/PrivateFrameworks/AppleFSCompression.framework/Versions/A/AppleFSCompression
0x000000002f81b000 	/System/Library/PrivateFrameworks/SpeechRecognitionCore.framework/Versions/A/SpeechRecognitionCore
0x000000002f81b000 	/System/Library/CoreServices/Encodings/libJapaneseConverter.dylib
0x000000010dc00000 	/Applications/Eclipse_4.7.2.app/Contents/java/8/Home/jre/lib/server/libjvm.dylib
0x000000002f81b000 	/usr/lib/libstdc++.6.0.9.dylib
0x000000010d360000 	/Applications/Eclipse_4.7.2.app/Contents/java/8/Home/jre/lib/libverify.dylib
0x000000010d36e000 	/Applications/Eclipse_4.7.2.app/Contents/java/8/Home/jre/lib/libjava.dylib
0x000000010d3ee000 	/Applications/Eclipse_4.7.2.app/Contents/java/8/Home/jre/lib/libzip.dylib
0x0000000113fff000 	/Applications/Eclipse_4.7.2.app/Contents/java/8/Home/jre/lib/libnet.dylib
0x0000000113ef5000 	/usr/local/lib/R/3.5/site-library/rJava/jri/libjri.jnilib
0x000000002f81b000 	/System/Library/Frameworks/JavaVM.framework/Versions/A/JavaVM
0x0000000115061000 	/usr/local/opt/r/lib/R/lib/libR.dylib
0x0000000114449000 	/usr/local/opt/pcre/lib/libpcre.1.dylib
0x0000000113f01000 	/usr/local/opt/xz/lib/liblzma.5.dylib
0x000000002f81b000 	/System/Library/PrivateFrameworks/JavaLaunching.framework/Versions/A/JavaLaunching
0x00000001153c9000 	/usr/local/opt/gcc/lib/gcc/8/libgfortran.5.dylib
0x00000001144b1000 	/usr/local/opt/gcc/lib/gcc/8/libquadmath.0.dylib
0x000000011407e000 	/usr/local/opt/gettext/lib/libintl.8.dylib
0x00000001144f8000 	/usr/local/opt/readline/lib/libreadline.7.dylib
0x00000001148b4000 	/usr/local/lib/gcc/8/libgcc_s.1.dylib
0x000000002f81b000 	/usr/lib/libncurses.5.4.dylib

VM Arguments:
jvm_args: -Djava.ext.dirs=/Applications/Eclipse_4.7.2.app/Contents/java/8/Home/jre/lib/ext -Djava.library.path=.:/usr/local/lib/R/3.5/site-library/rJava/jri/ -Dfile.encoding=UTF-8 
java_command: supersql.FrontEnd -f /Users/otawa/Documents/queries/test2.ssql
java_class_path (initial): /Applications/Eclipse_4.7.2.app/Contents/java/8/Home/jre/lib/resources.jar:/Applications/Eclipse_4.7.2.app/Contents/java/8/Home/jre/lib/rt.jar:/Applications/Eclipse_4.7.2.app/Contents/java/8/Home/jre/lib/jsse.jar:/Applications/Eclipse_4.7.2.app/Contents/java/8/Home/jre/lib/jce.jar:/Applications/Eclipse_4.7.2.app/Contents/java/8/Home/jre/lib/charsets.jar:/Applications/Eclipse_4.7.2.app/Contents/java/8/Home/jre/lib/jfr.jar:/Applications/Eclipse_4.7.2.app/Contents/java/8/Home/jre/lib/ext/sunec.jar:/Applications/Eclipse_4.7.2.app/Contents/java/8/Home/jre/lib/ext/nashorn.jar:/Applications/Eclipse_4.7.2.app/Contents/java/8/Home/jre/lib/ext/cldrdata.jar:/Applications/Eclipse_4.7.2.app/Contents/java/8/Home/jre/lib/ext/jfxrt.jar:/Applications/Eclipse_4.7.2.app/Contents/java/8/Home/jre/lib/ext/dnsns.jar:/Applications/Eclipse_4.7.2.app/Contents/java/8/Home/jre/lib/ext/localedata.jar:/Applications/Eclipse_4.7.2.app/Contents/java/8/Home/jre/lib/ext/sunjce_provider.jar:/Applications/Eclipse_4.7.2.app/Contents/java/8/Home/jre/lib/ext/sunpkcs11.jar:/Applications/Eclipse_4.7.2.app/Contents/java/8/Home/jre/lib/ext/jaccess.jar:/Applications/Eclipse_4.7.2.app/Contents/java/8/Home/jre/lib/ext/zipfs.jar:/Users/otawa/Documents/workspace/NewSSQL/target/classes:/Users/otawa/Documents/workspace/NewSSQL/lib/postgresql-42.2.5.jar:/usr/local/lib/R/3.5/site-library/rJava/jri/JRI.jar:/Users/otawa/.m2/repository/org/jsoup/jsoup/1.10.2/jsoup-1.10.2.jar:/Users/otawa/.m2/repository/org/antlr/antlr4/4.5/antlr4-4.5.jar:/Users/otawa/.m2/repository/org/antlr/antlr4-runtime/4.5/antlr4-runtime-4.5.jar:/Users/otawa/.m2/repository/org/abego/treelayout/org.abego.treelayout.core/1.0.1/org.abego.treelayout.core-1.0.1.jar:/Users/otawa/.m2/repository/org/antlr/antlr-runtime/3.5.2/antlr-runtime-3.5.2.jar:/Users/otawa/.m2/repository/org/antlr/ST4/4.0.8/ST4-4.0.8.jar:/Users/otawa/.m2/repository/javax/servlet/javax.servlet-api/4.0.0-b05/javax.servlet-api-4.0.0-b05.jar:/Users/otawa/.m2/rep
Launcher Type: SUN_STANDARD

Environment Variables:
PATH=/usr/bin:/bin:/usr/sbin:/sbin
SHELL=/bin/bash

Signal Handlers:
SIGSEGV: [libjvm.dylib+0x5b494d], sa_mask[0]=11111111011111110111111111111111, sa_flags=SA_ONSTACK|SA_RESTART|SA_SIGINFO
SIGBUS: [libjvm.dylib+0x5b494d], sa_mask[0]=11111111011111110111111111111111, sa_flags=SA_RESTART|SA_SIGINFO
SIGFPE: [libjvm.dylib+0x48ab54], sa_mask[0]=11111111011111110111111111111111, sa_flags=SA_RESTART|SA_SIGINFO
SIGPIPE: [libjvm.dylib+0x48ab54], sa_mask[0]=11111111011111110111111111111111, sa_flags=SA_RESTART|SA_SIGINFO
SIGXFSZ: [libjvm.dylib+0x48ab54], sa_mask[0]=11111111011111110111111111111111, sa_flags=SA_RESTART|SA_SIGINFO
SIGILL: [libjvm.dylib+0x48ab54], sa_mask[0]=11111111011111110111111111111111, sa_flags=SA_RESTART|SA_SIGINFO
SIGUSR1: SIG_DFL, sa_mask[0]=00000000000000000000000000000000, sa_flags=none
SIGUSR2: [libjvm.dylib+0x48a672], sa_mask[0]=00100000000000000000000000000000, sa_flags=SA_RESTART|SA_SIGINFO
SIGHUP: [libjvm.dylib+0x488c49], sa_mask[0]=11111111011111110111111111111111, sa_flags=SA_RESTART|SA_SIGINFO
SIGINT: [libjvm.dylib+0x488c49], sa_mask[0]=11111111011111110111111111111111, sa_flags=SA_RESTART|SA_SIGINFO
SIGTERM: [libjvm.dylib+0x488c49], sa_mask[0]=11111111011111110111111111111111, sa_flags=SA_RESTART|SA_SIGINFO
SIGQUIT: [libjvm.dylib+0x488c49], sa_mask[0]=11111111011111110111111111111111, sa_flags=SA_RESTART|SA_SIGINFO


---------------  S Y S T E M  ---------------

OS:Bsduname:Darwin 17.7.0 Darwin Kernel Version 17.7.0: Thu Jun 21 22:53:14 PDT 2018; root:xnu-4570.71.2~1/RELEASE_X86_64 x86_64
rlimit: STACK 8192k, CORE 0k, NPROC 1418, NOFILE 10240, AS infinity
load average:2.37 2.74 2.81

CPU:total 4 (initial active 4) (2 cores per cpu, 2 threads per core) family 6 model 142 stepping 9, cmov, cx8, fxsr, mmx, sse, sse2, sse3, ssse3, sse4.1, sse4.2, popcnt, avx, avx2, aes, clmul, erms, 3dnowpref, lzcnt, ht, tsc, tscinvbit, bmi1, bmi2, adx

Memory: 4k page, physical 16777216k(2180164k free)

/proc/meminfo:


vm_info: Java HotSpot(TM) 64-Bit Server VM (25.152-b16) for bsd-amd64 JRE (1.8.0_152-b16), built on Sep 14 2017 02:31:13 by "java_re" with gcc 4.2.1 (Based on Apple Inc. build 5658) (LLVM build 2336.11.00)

time: Sat Nov  3 21:45:53 2018
elapsed time: 1 seconds (0d 0h 0m 1s)

